{"C:\\Users\\nico.swan\\Documents\\personal\\Dev\\my-idea-pool\\app.js": {"path":"C:\\Users\\nico.swan\\Documents\\personal\\Dev\\my-idea-pool\\app.js","statementMap":{"0":{"start":{"line":26,"column":10},"end":{"line":26,"column":19}},"1":{"start":{"line":27,"column":19},"end":{"line":27,"column":30}},"2":{"start":{"line":28,"column":0},"end":{"line":28,"column":22}},"3":{"start":{"line":29,"column":0},"end":{"line":29,"column":23}},"4":{"start":{"line":30,"column":0},"end":{"line":30,"column":24}},"5":{"start":{"line":31,"column":0},"end":{"line":31,"column":49}},"6":{"start":{"line":32,"column":0},"end":{"line":32,"column":24}},"7":{"start":{"line":33,"column":0},"end":{"line":33,"column":33}},"8":{"start":{"line":34,"column":0},"end":{"line":34,"column":24}},"9":{"start":{"line":37,"column":0},"end":{"line":37,"column":18}},"10":{"start":{"line":38,"column":0},"end":{"line":38,"column":28}},"11":{"start":{"line":44,"column":16},"end":{"line":67,"column":1}},"12":{"start":{"line":69,"column":0},"end":{"line":69,"column":35}},"13":{"start":{"line":72,"column":0},"end":{"line":88,"column":3}},"14":{"start":{"line":74,"column":4},"end":{"line":78,"column":5}},"15":{"start":{"line":75,"column":8},"end":{"line":75,"column":76}},"16":{"start":{"line":77,"column":8},"end":{"line":77,"column":18}},"17":{"start":{"line":79,"column":4},"end":{"line":83,"column":5}},"18":{"start":{"line":80,"column":8},"end":{"line":80,"column":40}},"19":{"start":{"line":82,"column":8},"end":{"line":82,"column":41}},"20":{"start":{"line":84,"column":4},"end":{"line":84,"column":40}},"21":{"start":{"line":86,"column":4},"end":{"line":86,"column":11}},"22":{"start":{"line":93,"column":0},"end":{"line":93,"column":26}},"23":{"start":{"line":94,"column":0},"end":{"line":94,"column":25}},"24":{"start":{"line":95,"column":0},"end":{"line":95,"column":31}},"25":{"start":{"line":96,"column":0},"end":{"line":96,"column":31}},"26":{"start":{"line":97,"column":0},"end":{"line":97,"column":46}},"27":{"start":{"line":103,"column":4},"end":{"line":105,"column":5}},"28":{"start":{"line":104,"column":8},"end":{"line":104,"column":24}},"29":{"start":{"line":106,"column":4},"end":{"line":108,"column":5}},"30":{"start":{"line":107,"column":8},"end":{"line":107,"column":61}},"31":{"start":{"line":109,"column":4},"end":{"line":109,"column":70}},"32":{"start":{"line":111,"column":0},"end":{"line":111,"column":22}}},"fnMap":{"0":{"name":"(anonymous_0)","decl":{"start":{"line":72,"column":13},"end":{"line":72,"column":14}},"loc":{"start":{"line":72,"column":39},"end":{"line":88,"column":1}},"line":72},"1":{"name":"errorHandler","decl":{"start":{"line":102,"column":9},"end":{"line":102,"column":21}},"loc":{"start":{"line":102,"column":43},"end":{"line":110,"column":1}},"line":102}},"branchMap":{"0":{"loc":{"start":{"line":74,"column":4},"end":{"line":78,"column":5}},"type":"if","locations":[{"start":{"line":74,"column":4},"end":{"line":78,"column":5}},{"start":{"line":74,"column":4},"end":{"line":78,"column":5}}],"line":74},"1":{"loc":{"start":{"line":79,"column":4},"end":{"line":83,"column":5}},"type":"if","locations":[{"start":{"line":79,"column":4},"end":{"line":83,"column":5}},{"start":{"line":79,"column":4},"end":{"line":83,"column":5}}],"line":79},"2":{"loc":{"start":{"line":103,"column":4},"end":{"line":105,"column":5}},"type":"if","locations":[{"start":{"line":103,"column":4},"end":{"line":105,"column":5}},{"start":{"line":103,"column":4},"end":{"line":105,"column":5}}],"line":103},"3":{"loc":{"start":{"line":106,"column":4},"end":{"line":108,"column":5}},"type":"if","locations":[{"start":{"line":106,"column":4},"end":{"line":108,"column":5}},{"start":{"line":106,"column":4},"end":{"line":108,"column":5}}],"line":106}},"s":{"0":10,"1":10,"2":10,"3":10,"4":10,"5":10,"6":10,"7":10,"8":10,"9":10,"10":10,"11":10,"12":10,"13":10,"14":28,"15":25,"16":3,"17":28,"18":9,"19":19,"20":28,"21":28,"22":10,"23":10,"24":10,"25":10,"26":10,"27":15,"28":1,"29":14,"30":1,"31":14,"32":10},"f":{"0":28,"1":15},"b":{"0":[25,3],"1":[9,19],"2":[1,14],"3":[1,13]},"_coverageSchema":"1a1c01bbd47fc00a2c39e90264f33305004495a9","hash":"b0dab93e52ba72662941a1298edf7c9afba1f64d"}
,"C:\\Users\\nico.swan\\Documents\\personal\\Dev\\my-idea-pool\\config\\database.js": {"path":"C:\\Users\\nico.swan\\Documents\\personal\\Dev\\my-idea-pool\\config\\database.js","statementMap":{"0":{"start":{"line":1,"column":23},"end":{"line":13,"column":1}}},"fnMap":{},"branchMap":{"0":{"loc":{"start":{"line":2,"column":11},"end":{"line":2,"column":48}},"type":"binary-expr","locations":[{"start":{"line":2,"column":11},"end":{"line":2,"column":34}},{"start":{"line":2,"column":38},"end":{"line":2,"column":48}}],"line":2},"1":{"loc":{"start":{"line":3,"column":11},"end":{"line":3,"column":50}},"type":"binary-expr","locations":[{"start":{"line":3,"column":11},"end":{"line":3,"column":34}},{"start":{"line":3,"column":38},"end":{"line":3,"column":50}}],"line":3},"2":{"loc":{"start":{"line":4,"column":7},"end":{"line":4,"column":64}},"type":"binary-expr","locations":[{"start":{"line":4,"column":7},"end":{"line":4,"column":26}},{"start":{"line":4,"column":30},"end":{"line":4,"column":64}}],"line":4},"3":{"loc":{"start":{"line":5,"column":10},"end":{"line":5,"column":45}},"type":"binary-expr","locations":[{"start":{"line":5,"column":10},"end":{"line":5,"column":29}},{"start":{"line":5,"column":33},"end":{"line":5,"column":45}}],"line":5}},"s":{"0":4},"f":{},"b":{"0":[4,4],"1":[4,4],"2":[4,4],"3":[4,4]},"_coverageSchema":"1a1c01bbd47fc00a2c39e90264f33305004495a9","hash":"9848a384b90a465b2d4b60f4f1d5393dc3829ff2"}
,"C:\\Users\\nico.swan\\Documents\\personal\\Dev\\my-idea-pool\\config\\token.js": {"path":"C:\\Users\\nico.swan\\Documents\\personal\\Dev\\my-idea-pool\\config\\token.js","statementMap":{"0":{"start":{"line":1,"column":20},"end":{"line":5,"column":1}}},"fnMap":{},"branchMap":{"0":{"loc":{"start":{"line":2,"column":15},"end":{"line":2,"column":79}},"type":"binary-expr","locations":[{"start":{"line":2,"column":15},"end":{"line":2,"column":37}},{"start":{"line":2,"column":41},"end":{"line":2,"column":79}}],"line":2},"1":{"loc":{"start":{"line":3,"column":18},"end":{"line":3,"column":62}},"type":"binary-expr","locations":[{"start":{"line":3,"column":18},"end":{"line":3,"column":53}},{"start":{"line":3,"column":57},"end":{"line":3,"column":62}}],"line":3},"2":{"loc":{"start":{"line":4,"column":22},"end":{"line":4,"column":65}},"type":"binary-expr","locations":[{"start":{"line":4,"column":22},"end":{"line":4,"column":58}},{"start":{"line":4,"column":62},"end":{"line":4,"column":65}}],"line":4}},"s":{"0":11},"f":{},"b":{"0":[11,11],"1":[11,11],"2":[11,11]},"_coverageSchema":"1a1c01bbd47fc00a2c39e90264f33305004495a9","hash":"6d45291d2c875354382e04afdad235f682b89b8b"}
,"C:\\Users\\nico.swan\\Documents\\personal\\Dev\\my-idea-pool\\src\\middleware\\auth.js": {"path":"C:\\Users\\nico.swan\\Documents\\personal\\Dev\\my-idea-pool\\src\\middleware\\auth.js","statementMap":{"0":{"start":{"line":8,"column":21},"end":{"line":28,"column":1}},"1":{"start":{"line":9,"column":4},"end":{"line":27,"column":5}},"2":{"start":{"line":11,"column":28},"end":{"line":11,"column":85}},"3":{"start":{"line":12,"column":29},"end":{"line":12,"column":71}},"4":{"start":{"line":13,"column":28},"end":{"line":13,"column":62}},"5":{"start":{"line":14,"column":24},"end":{"line":14,"column":82}},"6":{"start":{"line":15,"column":21},"end":{"line":16,"column":44}},"7":{"start":{"line":16,"column":30},"end":{"line":16,"column":41}},"8":{"start":{"line":18,"column":8},"end":{"line":18,"column":38}},"9":{"start":{"line":19,"column":8},"end":{"line":19,"column":24}},"10":{"start":{"line":20,"column":8},"end":{"line":20,"column":15}},"11":{"start":{"line":23,"column":8},"end":{"line":25,"column":9}},"12":{"start":{"line":24,"column":12},"end":{"line":24,"column":45}},"13":{"start":{"line":26,"column":8},"end":{"line":26,"column":53}}},"fnMap":{"0":{"name":"(anonymous_0)","decl":{"start":{"line":8,"column":21},"end":{"line":8,"column":22}},"loc":{"start":{"line":8,"column":47},"end":{"line":28,"column":1}},"line":8},"1":{"name":"(anonymous_1)","decl":{"start":{"line":16,"column":19},"end":{"line":16,"column":20}},"loc":{"start":{"line":16,"column":28},"end":{"line":16,"column":43}},"line":16}},"branchMap":{"0":{"loc":{"start":{"line":23,"column":8},"end":{"line":25,"column":9}},"type":"if","locations":[{"start":{"line":23,"column":8},"end":{"line":25,"column":9}},{"start":{"line":23,"column":8},"end":{"line":25,"column":9}}],"line":23}},"s":{"0":10,"1":17,"2":17,"3":16,"4":16,"5":16,"6":16,"7":1,"8":15,"9":15,"10":15,"11":2,"12":1,"13":2},"f":{"0":17,"1":1},"b":{"0":[1,1]},"_coverageSchema":"1a1c01bbd47fc00a2c39e90264f33305004495a9","hash":"09cf0f92fa35d965fe45550a5cc005d1ccedeeb4"}
,"C:\\Users\\nico.swan\\Documents\\personal\\Dev\\my-idea-pool\\src\\models\\idea.js": {"path":"C:\\Users\\nico.swan\\Documents\\personal\\Dev\\my-idea-pool\\src\\models\\idea.js","statementMap":{"0":{"start":{"line":12,"column":17},"end":{"line":12,"column":33}},"1":{"start":{"line":31,"column":21},"end":{"line":31,"column":32}},"2":{"start":{"line":33,"column":8},"end":{"line":33,"column":52}},"3":{"start":{"line":34,"column":8},"end":{"line":36,"column":9}},"4":{"start":{"line":35,"column":12},"end":{"line":35,"column":43}},"5":{"start":{"line":38,"column":8},"end":{"line":40,"column":22}},"6":{"start":{"line":42,"column":8},"end":{"line":44,"column":22}},"7":{"start":{"line":46,"column":8},"end":{"line":48,"column":22}},"8":{"start":{"line":50,"column":8},"end":{"line":52,"column":22}},"9":{"start":{"line":54,"column":8},"end":{"line":54,"column":47}},"10":{"start":{"line":56,"column":8},"end":{"line":56,"column":112}},"11":{"start":{"line":63,"column":8},"end":{"line":63,"column":24}},"12":{"start":{"line":70,"column":8},"end":{"line":70,"column":29}},"13":{"start":{"line":78,"column":8},"end":{"line":78,"column":28}},"14":{"start":{"line":86,"column":8},"end":{"line":86,"column":26}},"15":{"start":{"line":94,"column":8},"end":{"line":94,"column":32}},"16":{"start":{"line":102,"column":8},"end":{"line":102,"column":33}},"17":{"start":{"line":110,"column":8},"end":{"line":110,"column":31}},"18":{"start":{"line":117,"column":8},"end":{"line":121,"column":9}},"19":{"start":{"line":118,"column":12},"end":{"line":118,"column":40}},"20":{"start":{"line":120,"column":12},"end":{"line":120,"column":29}},"21":{"start":{"line":128,"column":8},"end":{"line":128,"column":53}},"22":{"start":{"line":135,"column":8},"end":{"line":135,"column":61}},"23":{"start":{"line":142,"column":8},"end":{"line":142,"column":57}},"24":{"start":{"line":149,"column":8},"end":{"line":149,"column":69}},"25":{"start":{"line":156,"column":8},"end":{"line":156,"column":52}},"26":{"start":{"line":165,"column":8},"end":{"line":175,"column":9}},"27":{"start":{"line":184,"column":8},"end":{"line":184,"column":113}},"28":{"start":{"line":193,"column":8},"end":{"line":197,"column":9}},"29":{"start":{"line":194,"column":12},"end":{"line":194,"column":35}},"30":{"start":{"line":195,"column":15},"end":{"line":197,"column":9}},"31":{"start":{"line":196,"column":12},"end":{"line":196,"column":42}},"32":{"start":{"line":198,"column":8},"end":{"line":198,"column":21}},"33":{"start":{"line":207,"column":8},"end":{"line":211,"column":9}},"34":{"start":{"line":208,"column":12},"end":{"line":208,"column":38}},"35":{"start":{"line":209,"column":15},"end":{"line":211,"column":9}},"36":{"start":{"line":210,"column":12},"end":{"line":210,"column":45}},"37":{"start":{"line":212,"column":8},"end":{"line":212,"column":21}},"38":{"start":{"line":221,"column":8},"end":{"line":225,"column":9}},"39":{"start":{"line":222,"column":12},"end":{"line":222,"column":32}},"40":{"start":{"line":223,"column":15},"end":{"line":225,"column":9}},"41":{"start":{"line":224,"column":12},"end":{"line":224,"column":41}},"42":{"start":{"line":226,"column":8},"end":{"line":226,"column":21}}},"fnMap":{"0":{"name":"(anonymous_0)","decl":{"start":{"line":30,"column":4},"end":{"line":30,"column":5}},"loc":{"start":{"line":30,"column":23},"end":{"line":57,"column":5}},"line":30},"1":{"name":"(anonymous_1)","decl":{"start":{"line":62,"column":4},"end":{"line":62,"column":5}},"loc":{"start":{"line":62,"column":13},"end":{"line":64,"column":5}},"line":62},"2":{"name":"(anonymous_2)","decl":{"start":{"line":69,"column":4},"end":{"line":69,"column":5}},"loc":{"start":{"line":69,"column":18},"end":{"line":71,"column":5}},"line":69},"3":{"name":"(anonymous_3)","decl":{"start":{"line":77,"column":4},"end":{"line":77,"column":5}},"loc":{"start":{"line":77,"column":17},"end":{"line":79,"column":5}},"line":77},"4":{"name":"(anonymous_4)","decl":{"start":{"line":85,"column":4},"end":{"line":85,"column":5}},"loc":{"start":{"line":85,"column":15},"end":{"line":87,"column":5}},"line":85},"5":{"name":"(anonymous_5)","decl":{"start":{"line":93,"column":4},"end":{"line":93,"column":5}},"loc":{"start":{"line":93,"column":21},"end":{"line":95,"column":5}},"line":93},"6":{"name":"(anonymous_6)","decl":{"start":{"line":101,"column":4},"end":{"line":101,"column":5}},"loc":{"start":{"line":101,"column":23},"end":{"line":103,"column":5}},"line":101},"7":{"name":"(anonymous_7)","decl":{"start":{"line":109,"column":4},"end":{"line":109,"column":5}},"loc":{"start":{"line":109,"column":20},"end":{"line":111,"column":5}},"line":109},"8":{"name":"(anonymous_8)","decl":{"start":{"line":116,"column":4},"end":{"line":116,"column":5}},"loc":{"start":{"line":116,"column":18},"end":{"line":122,"column":5}},"line":116},"9":{"name":"(anonymous_9)","decl":{"start":{"line":127,"column":4},"end":{"line":127,"column":5}},"loc":{"start":{"line":127,"column":23},"end":{"line":129,"column":5}},"line":127},"10":{"name":"(anonymous_10)","decl":{"start":{"line":134,"column":4},"end":{"line":134,"column":5}},"loc":{"start":{"line":134,"column":22},"end":{"line":136,"column":5}},"line":134},"11":{"name":"(anonymous_11)","decl":{"start":{"line":141,"column":4},"end":{"line":141,"column":5}},"loc":{"start":{"line":141,"column":20},"end":{"line":143,"column":5}},"line":141},"12":{"name":"(anonymous_12)","decl":{"start":{"line":148,"column":4},"end":{"line":148,"column":5}},"loc":{"start":{"line":148,"column":26},"end":{"line":150,"column":5}},"line":148},"13":{"name":"(anonymous_13)","decl":{"start":{"line":155,"column":4},"end":{"line":155,"column":5}},"loc":{"start":{"line":155,"column":25},"end":{"line":157,"column":5}},"line":155},"14":{"name":"(anonymous_14)","decl":{"start":{"line":164,"column":4},"end":{"line":164,"column":5}},"loc":{"start":{"line":164,"column":13},"end":{"line":176,"column":5}},"line":164},"15":{"name":"(anonymous_15)","decl":{"start":{"line":183,"column":4},"end":{"line":183,"column":5}},"loc":{"start":{"line":183,"column":17},"end":{"line":185,"column":5}},"line":183},"16":{"name":"(anonymous_16)","decl":{"start":{"line":192,"column":4},"end":{"line":192,"column":5}},"loc":{"start":{"line":192,"column":28},"end":{"line":199,"column":5}},"line":192},"17":{"name":"(anonymous_17)","decl":{"start":{"line":206,"column":4},"end":{"line":206,"column":5}},"loc":{"start":{"line":206,"column":33},"end":{"line":213,"column":5}},"line":206},"18":{"name":"(anonymous_18)","decl":{"start":{"line":220,"column":4},"end":{"line":220,"column":5}},"loc":{"start":{"line":220,"column":25},"end":{"line":227,"column":5}},"line":220}},"branchMap":{"0":{"loc":{"start":{"line":31,"column":21},"end":{"line":31,"column":32}},"type":"binary-expr","locations":[{"start":{"line":31,"column":21},"end":{"line":31,"column":26}},{"start":{"line":31,"column":30},"end":{"line":31,"column":32}}],"line":31},"1":{"loc":{"start":{"line":33,"column":19},"end":{"line":33,"column":51}},"type":"binary-expr","locations":[{"start":{"line":33,"column":19},"end":{"line":33,"column":27}},{"start":{"line":33,"column":31},"end":{"line":33,"column":38}},{"start":{"line":33,"column":42},"end":{"line":33,"column":51}}],"line":33},"2":{"loc":{"start":{"line":34,"column":8},"end":{"line":36,"column":9}},"type":"if","locations":[{"start":{"line":34,"column":8},"end":{"line":36,"column":9}},{"start":{"line":34,"column":8},"end":{"line":36,"column":9}}],"line":34},"3":{"loc":{"start":{"line":38,"column":24},"end":{"line":40,"column":21}},"type":"cond-expr","locations":[{"start":{"line":39,"column":12},"end":{"line":39,"column":47}},{"start":{"line":40,"column":12},"end":{"line":40,"column":21}}],"line":38},"4":{"loc":{"start":{"line":42,"column":23},"end":{"line":44,"column":21}},"type":"cond-expr","locations":[{"start":{"line":43,"column":12},"end":{"line":43,"column":55}},{"start":{"line":44,"column":12},"end":{"line":44,"column":21}}],"line":42},"5":{"loc":{"start":{"line":42,"column":24},"end":{"line":42,"column":56}},"type":"binary-expr","locations":[{"start":{"line":42,"column":24},"end":{"line":42,"column":35}},{"start":{"line":42,"column":39},"end":{"line":42,"column":56}}],"line":42},"6":{"loc":{"start":{"line":46,"column":21},"end":{"line":48,"column":21}},"type":"cond-expr","locations":[{"start":{"line":47,"column":12},"end":{"line":47,"column":51}},{"start":{"line":48,"column":12},"end":{"line":48,"column":21}}],"line":46},"7":{"loc":{"start":{"line":46,"column":22},"end":{"line":46,"column":50}},"type":"binary-expr","locations":[{"start":{"line":46,"column":22},"end":{"line":46,"column":31}},{"start":{"line":46,"column":35},"end":{"line":46,"column":50}}],"line":46},"8":{"loc":{"start":{"line":50,"column":27},"end":{"line":52,"column":21}},"type":"cond-expr","locations":[{"start":{"line":51,"column":12},"end":{"line":51,"column":63}},{"start":{"line":52,"column":12},"end":{"line":52,"column":21}}],"line":50},"9":{"loc":{"start":{"line":50,"column":28},"end":{"line":50,"column":68}},"type":"binary-expr","locations":[{"start":{"line":50,"column":28},"end":{"line":50,"column":43}},{"start":{"line":50,"column":47},"end":{"line":50,"column":68}}],"line":50},"10":{"loc":{"start":{"line":56,"column":26},"end":{"line":56,"column":111}},"type":"cond-expr","locations":[{"start":{"line":56,"column":46},"end":{"line":56,"column":81}},{"start":{"line":56,"column":84},"end":{"line":56,"column":111}}],"line":56},"11":{"loc":{"start":{"line":117,"column":8},"end":{"line":121,"column":9}},"type":"if","locations":[{"start":{"line":117,"column":8},"end":{"line":121,"column":9}},{"start":{"line":117,"column":8},"end":{"line":121,"column":9}}],"line":117},"12":{"loc":{"start":{"line":184,"column":29},"end":{"line":184,"column":50}},"type":"binary-expr","locations":[{"start":{"line":184,"column":29},"end":{"line":184,"column":45}},{"start":{"line":184,"column":49},"end":{"line":184,"column":50}}],"line":184},"13":{"loc":{"start":{"line":184,"column":55},"end":{"line":184,"column":70}},"type":"binary-expr","locations":[{"start":{"line":184,"column":55},"end":{"line":184,"column":65}},{"start":{"line":184,"column":69},"end":{"line":184,"column":70}}],"line":184},"14":{"loc":{"start":{"line":184,"column":75},"end":{"line":184,"column":92}},"type":"binary-expr","locations":[{"start":{"line":184,"column":75},"end":{"line":184,"column":87}},{"start":{"line":184,"column":91},"end":{"line":184,"column":92}}],"line":184},"15":{"loc":{"start":{"line":193,"column":8},"end":{"line":197,"column":9}},"type":"if","locations":[{"start":{"line":193,"column":8},"end":{"line":197,"column":9}},{"start":{"line":193,"column":8},"end":{"line":197,"column":9}}],"line":193},"16":{"loc":{"start":{"line":195,"column":15},"end":{"line":197,"column":9}},"type":"if","locations":[{"start":{"line":195,"column":15},"end":{"line":197,"column":9}},{"start":{"line":195,"column":15},"end":{"line":197,"column":9}}],"line":195},"17":{"loc":{"start":{"line":207,"column":8},"end":{"line":211,"column":9}},"type":"if","locations":[{"start":{"line":207,"column":8},"end":{"line":211,"column":9}},{"start":{"line":207,"column":8},"end":{"line":211,"column":9}}],"line":207},"18":{"loc":{"start":{"line":209,"column":15},"end":{"line":211,"column":9}},"type":"if","locations":[{"start":{"line":209,"column":15},"end":{"line":211,"column":9}},{"start":{"line":209,"column":15},"end":{"line":211,"column":9}}],"line":209},"19":{"loc":{"start":{"line":209,"column":21},"end":{"line":209,"column":46}},"type":"binary-expr","locations":[{"start":{"line":209,"column":21},"end":{"line":209,"column":32}},{"start":{"line":209,"column":36},"end":{"line":209,"column":46}}],"line":209},"20":{"loc":{"start":{"line":221,"column":8},"end":{"line":225,"column":9}},"type":"if","locations":[{"start":{"line":221,"column":8},"end":{"line":225,"column":9}},{"start":{"line":221,"column":8},"end":{"line":225,"column":9}}],"line":221},"21":{"loc":{"start":{"line":223,"column":15},"end":{"line":225,"column":9}},"type":"if","locations":[{"start":{"line":223,"column":15},"end":{"line":225,"column":9}},{"start":{"line":223,"column":15},"end":{"line":225,"column":9}}],"line":223}},"s":{"0":13,"1":64,"2":64,"3":64,"4":28,"5":64,"6":64,"7":62,"8":62,"9":62,"10":62,"11":28,"12":29,"13":21,"14":21,"15":21,"16":7,"17":10,"18":31,"19":26,"20":5,"21":29,"22":18,"23":18,"24":18,"25":3,"26":53,"27":122,"28":88,"29":1,"30":87,"31":1,"32":86,"33":227,"34":3,"35":224,"36":5,"37":219,"38":35,"39":1,"40":34,"41":1,"42":33},"f":{"0":64,"1":28,"2":29,"3":21,"4":21,"5":21,"6":7,"7":10,"8":31,"9":29,"10":18,"11":18,"12":18,"13":3,"14":53,"15":122,"16":88,"17":227,"18":35},"b":{"0":[64,5],"1":[64,30,24],"2":[28,36],"3":[59,5],"4":[59,5],"5":[64,5],"6":[57,5],"7":[62,5],"8":[57,5],"9":[62,5],"10":[32,30],"11":[26,5],"12":[122,6],"13":[122,6],"14":[122,6],"15":[1,87],"16":[1,86],"17":[3,224],"18":[5,219],"19":[224,220],"20":[1,34],"21":[1,33]},"_coverageSchema":"1a1c01bbd47fc00a2c39e90264f33305004495a9","hash":"b48d5bb0064f08a65a2746d878e0c73ae46917af"}
,"C:\\Users\\nico.swan\\Documents\\personal\\Dev\\my-idea-pool\\src\\models\\user.js": {"path":"C:\\Users\\nico.swan\\Documents\\personal\\Dev\\my-idea-pool\\src\\models\\user.js","statementMap":{"0":{"start":{"line":17,"column":17},"end":{"line":17,"column":33}},"1":{"start":{"line":49,"column":21},"end":{"line":49,"column":32}},"2":{"start":{"line":51,"column":8},"end":{"line":51,"column":52}},"3":{"start":{"line":52,"column":8},"end":{"line":54,"column":9}},"4":{"start":{"line":53,"column":12},"end":{"line":53,"column":43}},"5":{"start":{"line":56,"column":8},"end":{"line":56,"column":93}},"6":{"start":{"line":58,"column":8},"end":{"line":58,"column":44}},"7":{"start":{"line":60,"column":8},"end":{"line":60,"column":105}},"8":{"start":{"line":62,"column":8},"end":{"line":62,"column":36}},"9":{"start":{"line":64,"column":8},"end":{"line":70,"column":9}},"10":{"start":{"line":65,"column":12},"end":{"line":65,"column":46}},"11":{"start":{"line":67,"column":12},"end":{"line":69,"column":26}},"12":{"start":{"line":71,"column":8},"end":{"line":79,"column":9}},"13":{"start":{"line":73,"column":12},"end":{"line":75,"column":26}},"14":{"start":{"line":77,"column":12},"end":{"line":77,"column":72}},"15":{"start":{"line":87,"column":8},"end":{"line":87,"column":24}},"16":{"start":{"line":94,"column":8},"end":{"line":94,"column":27}},"17":{"start":{"line":102,"column":8},"end":{"line":102,"column":26}},"18":{"start":{"line":111,"column":8},"end":{"line":111,"column":30}},"19":{"start":{"line":120,"column":8},"end":{"line":120,"column":31}},"20":{"start":{"line":129,"column":8},"end":{"line":129,"column":33}},"21":{"start":{"line":138,"column":8},"end":{"line":138,"column":34}},"22":{"start":{"line":146,"column":8},"end":{"line":150,"column":9}},"23":{"start":{"line":147,"column":12},"end":{"line":147,"column":40}},"24":{"start":{"line":149,"column":12},"end":{"line":149,"column":29}},"25":{"start":{"line":159,"column":8},"end":{"line":159,"column":56}},"26":{"start":{"line":168,"column":8},"end":{"line":168,"column":63}},"27":{"start":{"line":177,"column":8},"end":{"line":179,"column":9}},"28":{"start":{"line":178,"column":12},"end":{"line":178,"column":31}},"29":{"start":{"line":180,"column":8},"end":{"line":180,"column":33}},"30":{"start":{"line":188,"column":8},"end":{"line":197,"column":9}},"31":{"start":{"line":189,"column":12},"end":{"line":194,"column":13}},"32":{"start":{"line":190,"column":16},"end":{"line":190,"column":41}},"33":{"start":{"line":193,"column":16},"end":{"line":193,"column":80}},"34":{"start":{"line":196,"column":12},"end":{"line":196,"column":40}},"35":{"start":{"line":206,"column":8},"end":{"line":206,"column":53}},"36":{"start":{"line":215,"column":8},"end":{"line":215,"column":35}},"37":{"start":{"line":223,"column":8},"end":{"line":236,"column":9}},"38":{"start":{"line":247,"column":8},"end":{"line":251,"column":9}},"39":{"start":{"line":248,"column":12},"end":{"line":248,"column":32}},"40":{"start":{"line":249,"column":15},"end":{"line":251,"column":9}},"41":{"start":{"line":250,"column":12},"end":{"line":250,"column":40}},"42":{"start":{"line":252,"column":8},"end":{"line":252,"column":28}},"43":{"start":{"line":263,"column":8},"end":{"line":269,"column":9}},"44":{"start":{"line":264,"column":12},"end":{"line":264,"column":35}},"45":{"start":{"line":265,"column":15},"end":{"line":269,"column":9}},"46":{"start":{"line":266,"column":12},"end":{"line":266,"column":37}},"47":{"start":{"line":267,"column":15},"end":{"line":269,"column":9}},"48":{"start":{"line":268,"column":12},"end":{"line":268,"column":37}},"49":{"start":{"line":270,"column":8},"end":{"line":270,"column":29}},"50":{"start":{"line":281,"column":8},"end":{"line":285,"column":9}},"51":{"start":{"line":282,"column":12},"end":{"line":282,"column":32}},"52":{"start":{"line":283,"column":15},"end":{"line":285,"column":9}},"53":{"start":{"line":284,"column":12},"end":{"line":284,"column":40}},"54":{"start":{"line":286,"column":8},"end":{"line":286,"column":27}}},"fnMap":{"0":{"name":"(anonymous_0)","decl":{"start":{"line":48,"column":4},"end":{"line":48,"column":5}},"loc":{"start":{"line":48,"column":23},"end":{"line":80,"column":5}},"line":48},"1":{"name":"(anonymous_1)","decl":{"start":{"line":86,"column":4},"end":{"line":86,"column":5}},"loc":{"start":{"line":86,"column":13},"end":{"line":88,"column":5}},"line":86},"2":{"name":"(anonymous_2)","decl":{"start":{"line":93,"column":4},"end":{"line":93,"column":5}},"loc":{"start":{"line":93,"column":16},"end":{"line":95,"column":5}},"line":93},"3":{"name":"(anonymous_3)","decl":{"start":{"line":101,"column":4},"end":{"line":101,"column":5}},"loc":{"start":{"line":101,"column":15},"end":{"line":103,"column":5}},"line":101},"4":{"name":"(anonymous_4)","decl":{"start":{"line":110,"column":4},"end":{"line":110,"column":5}},"loc":{"start":{"line":110,"column":19},"end":{"line":112,"column":5}},"line":110},"5":{"name":"(anonymous_5)","decl":{"start":{"line":119,"column":4},"end":{"line":119,"column":5}},"loc":{"start":{"line":119,"column":20},"end":{"line":121,"column":5}},"line":119},"6":{"name":"(anonymous_6)","decl":{"start":{"line":128,"column":4},"end":{"line":128,"column":5}},"loc":{"start":{"line":128,"column":22},"end":{"line":130,"column":5}},"line":128},"7":{"name":"(anonymous_7)","decl":{"start":{"line":137,"column":4},"end":{"line":137,"column":5}},"loc":{"start":{"line":137,"column":23},"end":{"line":139,"column":5}},"line":137},"8":{"name":"(anonymous_8)","decl":{"start":{"line":145,"column":4},"end":{"line":145,"column":5}},"loc":{"start":{"line":145,"column":18},"end":{"line":151,"column":5}},"line":145},"9":{"name":"(anonymous_9)","decl":{"start":{"line":158,"column":4},"end":{"line":158,"column":5}},"loc":{"start":{"line":158,"column":28},"end":{"line":160,"column":5}},"line":158},"10":{"name":"(anonymous_10)","decl":{"start":{"line":167,"column":4},"end":{"line":167,"column":5}},"loc":{"start":{"line":167,"column":32},"end":{"line":169,"column":5}},"line":167},"11":{"name":"(anonymous_11)","decl":{"start":{"line":176,"column":4},"end":{"line":176,"column":5}},"loc":{"start":{"line":176,"column":26},"end":{"line":181,"column":5}},"line":176},"12":{"name":"(anonymous_12)","decl":{"start":{"line":187,"column":4},"end":{"line":187,"column":5}},"loc":{"start":{"line":187,"column":29},"end":{"line":198,"column":5}},"line":187},"13":{"name":"(anonymous_13)","decl":{"start":{"line":205,"column":4},"end":{"line":205,"column":5}},"loc":{"start":{"line":205,"column":25},"end":{"line":207,"column":5}},"line":205},"14":{"name":"(anonymous_14)","decl":{"start":{"line":214,"column":4},"end":{"line":214,"column":5}},"loc":{"start":{"line":214,"column":28},"end":{"line":216,"column":5}},"line":214},"15":{"name":"(anonymous_15)","decl":{"start":{"line":222,"column":4},"end":{"line":222,"column":5}},"loc":{"start":{"line":222,"column":13},"end":{"line":237,"column":5}},"line":222},"16":{"name":"(anonymous_16)","decl":{"start":{"line":246,"column":4},"end":{"line":246,"column":5}},"loc":{"start":{"line":246,"column":33},"end":{"line":253,"column":5}},"line":246},"17":{"name":"(anonymous_17)","decl":{"start":{"line":262,"column":4},"end":{"line":262,"column":5}},"loc":{"start":{"line":262,"column":37},"end":{"line":271,"column":5}},"line":262},"18":{"name":"(anonymous_18)","decl":{"start":{"line":280,"column":4},"end":{"line":280,"column":5}},"loc":{"start":{"line":280,"column":32},"end":{"line":287,"column":5}},"line":280}},"branchMap":{"0":{"loc":{"start":{"line":49,"column":21},"end":{"line":49,"column":32}},"type":"binary-expr","locations":[{"start":{"line":49,"column":21},"end":{"line":49,"column":26}},{"start":{"line":49,"column":30},"end":{"line":49,"column":32}}],"line":49},"1":{"loc":{"start":{"line":51,"column":19},"end":{"line":51,"column":51}},"type":"binary-expr","locations":[{"start":{"line":51,"column":19},"end":{"line":51,"column":27}},{"start":{"line":51,"column":31},"end":{"line":51,"column":38}},{"start":{"line":51,"column":42},"end":{"line":51,"column":51}}],"line":51},"2":{"loc":{"start":{"line":52,"column":8},"end":{"line":54,"column":9}},"type":"if","locations":[{"start":{"line":52,"column":8},"end":{"line":54,"column":9}},{"start":{"line":52,"column":8},"end":{"line":54,"column":9}}],"line":52},"3":{"loc":{"start":{"line":56,"column":22},"end":{"line":56,"column":92}},"type":"cond-expr","locations":[{"start":{"line":56,"column":49},"end":{"line":56,"column":80}},{"start":{"line":56,"column":83},"end":{"line":56,"column":92}}],"line":56},"4":{"loc":{"start":{"line":58,"column":21},"end":{"line":58,"column":43}},"type":"binary-expr","locations":[{"start":{"line":58,"column":21},"end":{"line":58,"column":30}},{"start":{"line":58,"column":34},"end":{"line":58,"column":43}}],"line":58},"5":{"loc":{"start":{"line":60,"column":25},"end":{"line":60,"column":104}},"type":"cond-expr","locations":[{"start":{"line":60,"column":55},"end":{"line":60,"column":92}},{"start":{"line":60,"column":95},"end":{"line":60,"column":104}}],"line":60},"6":{"loc":{"start":{"line":64,"column":8},"end":{"line":70,"column":9}},"type":"if","locations":[{"start":{"line":64,"column":8},"end":{"line":70,"column":9}},{"start":{"line":64,"column":8},"end":{"line":70,"column":9}}],"line":64},"7":{"loc":{"start":{"line":67,"column":30},"end":{"line":69,"column":25}},"type":"cond-expr","locations":[{"start":{"line":68,"column":16},"end":{"line":68,"column":60}},{"start":{"line":69,"column":16},"end":{"line":69,"column":25}}],"line":67},"8":{"loc":{"start":{"line":71,"column":8},"end":{"line":79,"column":9}},"type":"if","locations":[{"start":{"line":71,"column":8},"end":{"line":79,"column":9}},{"start":{"line":71,"column":8},"end":{"line":79,"column":9}}],"line":71},"9":{"loc":{"start":{"line":73,"column":32},"end":{"line":75,"column":25}},"type":"cond-expr","locations":[{"start":{"line":74,"column":16},"end":{"line":74,"column":61}},{"start":{"line":75,"column":16},"end":{"line":75,"column":25}}],"line":73},"10":{"loc":{"start":{"line":77,"column":33},"end":{"line":77,"column":71}},"type":"binary-expr","locations":[{"start":{"line":77,"column":33},"end":{"line":77,"column":58}},{"start":{"line":77,"column":62},"end":{"line":77,"column":71}}],"line":77},"11":{"loc":{"start":{"line":146,"column":8},"end":{"line":150,"column":9}},"type":"if","locations":[{"start":{"line":146,"column":8},"end":{"line":150,"column":9}},{"start":{"line":146,"column":8},"end":{"line":150,"column":9}}],"line":146},"12":{"loc":{"start":{"line":177,"column":8},"end":{"line":179,"column":9}},"type":"if","locations":[{"start":{"line":177,"column":8},"end":{"line":179,"column":9}},{"start":{"line":177,"column":8},"end":{"line":179,"column":9}}],"line":177},"13":{"loc":{"start":{"line":188,"column":8},"end":{"line":197,"column":9}},"type":"if","locations":[{"start":{"line":188,"column":8},"end":{"line":197,"column":9}},{"start":{"line":188,"column":8},"end":{"line":197,"column":9}}],"line":188},"14":{"loc":{"start":{"line":189,"column":12},"end":{"line":194,"column":13}},"type":"if","locations":[{"start":{"line":189,"column":12},"end":{"line":194,"column":13}},{"start":{"line":189,"column":12},"end":{"line":194,"column":13}}],"line":189},"15":{"loc":{"start":{"line":247,"column":8},"end":{"line":251,"column":9}},"type":"if","locations":[{"start":{"line":247,"column":8},"end":{"line":251,"column":9}},{"start":{"line":247,"column":8},"end":{"line":251,"column":9}}],"line":247},"16":{"loc":{"start":{"line":249,"column":15},"end":{"line":251,"column":9}},"type":"if","locations":[{"start":{"line":249,"column":15},"end":{"line":251,"column":9}},{"start":{"line":249,"column":15},"end":{"line":251,"column":9}}],"line":249},"17":{"loc":{"start":{"line":263,"column":8},"end":{"line":269,"column":9}},"type":"if","locations":[{"start":{"line":263,"column":8},"end":{"line":269,"column":9}},{"start":{"line":263,"column":8},"end":{"line":269,"column":9}}],"line":263},"18":{"loc":{"start":{"line":265,"column":15},"end":{"line":269,"column":9}},"type":"if","locations":[{"start":{"line":265,"column":15},"end":{"line":269,"column":9}},{"start":{"line":265,"column":15},"end":{"line":269,"column":9}}],"line":265},"19":{"loc":{"start":{"line":267,"column":15},"end":{"line":269,"column":9}},"type":"if","locations":[{"start":{"line":267,"column":15},"end":{"line":269,"column":9}},{"start":{"line":267,"column":15},"end":{"line":269,"column":9}}],"line":267},"20":{"loc":{"start":{"line":281,"column":8},"end":{"line":285,"column":9}},"type":"if","locations":[{"start":{"line":281,"column":8},"end":{"line":285,"column":9}},{"start":{"line":281,"column":8},"end":{"line":285,"column":9}}],"line":281},"21":{"loc":{"start":{"line":281,"column":30},"end":{"line":281,"column":47}},"type":"binary-expr","locations":[{"start":{"line":281,"column":30},"end":{"line":281,"column":41}},{"start":{"line":281,"column":45},"end":{"line":281,"column":47}}],"line":281},"22":{"loc":{"start":{"line":283,"column":15},"end":{"line":285,"column":9}},"type":"if","locations":[{"start":{"line":283,"column":15},"end":{"line":285,"column":9}},{"start":{"line":283,"column":15},"end":{"line":285,"column":9}}],"line":283}},"s":{"0":16,"1":69,"2":69,"3":69,"4":10,"5":69,"6":69,"7":69,"8":69,"9":69,"10":61,"11":8,"12":69,"13":18,"14":17,"15":80,"16":70,"17":58,"18":6,"19":8,"20":26,"21":14,"22":2,"23":1,"24":1,"25":4,"26":6,"27":3,"28":2,"29":1,"30":7,"31":6,"32":4,"33":2,"34":1,"35":40,"36":37,"37":6,"38":70,"39":2,"40":68,"41":1,"42":67,"43":70,"44":2,"45":68,"46":1,"47":67,"48":1,"49":66,"50":56,"51":2,"52":54,"53":2,"54":52},"f":{"0":69,"1":80,"2":70,"3":58,"4":6,"5":8,"6":26,"7":14,"8":2,"9":4,"10":6,"11":3,"12":7,"13":40,"14":37,"15":6,"16":70,"17":70,"18":56},"b":{"0":[69,3],"1":[69,64,30],"2":[10,59],"3":[66,3],"4":[69,5],"5":[64,5],"6":[61,8],"7":[5,3],"8":[18,51],"9":[16,2],"10":[17,2],"11":[1,1],"12":[2,1],"13":[6,1],"14":[4,2],"15":[2,68],"16":[1,67],"17":[2,68],"18":[1,67],"19":[1,66],"20":[2,54],"21":[56,2],"22":[2,52]},"_coverageSchema":"1a1c01bbd47fc00a2c39e90264f33305004495a9","hash":"f9aa1fe03a3c195c27263db75e8ff09c5c561d8a"}
,"C:\\Users\\nico.swan\\Documents\\personal\\Dev\\my-idea-pool\\src\\persistence\\mongodb\\database.js": {"path":"C:\\Users\\nico.swan\\Documents\\personal\\Dev\\my-idea-pool\\src\\persistence\\mongodb\\database.js","statementMap":{"0":{"start":{"line":7,"column":8},"end":{"line":7,"column":24}},"1":{"start":{"line":8,"column":8},"end":{"line":8,"column":41}},"2":{"start":{"line":9,"column":8},"end":{"line":9,"column":41}},"3":{"start":{"line":10,"column":8},"end":{"line":10,"column":33}},"4":{"start":{"line":11,"column":8},"end":{"line":11,"column":44}},"5":{"start":{"line":12,"column":8},"end":{"line":12,"column":146}},"6":{"start":{"line":13,"column":8},"end":{"line":13,"column":42}},"7":{"start":{"line":21,"column":8},"end":{"line":21,"column":141}},"8":{"start":{"line":22,"column":8},"end":{"line":22,"column":27}},"9":{"start":{"line":31,"column":8},"end":{"line":31,"column":24}},"10":{"start":{"line":40,"column":8},"end":{"line":55,"column":10}},"11":{"start":{"line":41,"column":12},"end":{"line":54,"column":13}},"12":{"start":{"line":42,"column":16},"end":{"line":42,"column":30}},"13":{"start":{"line":44,"column":16},"end":{"line":53,"column":19}},"14":{"start":{"line":45,"column":20},"end":{"line":52,"column":21}},"15":{"start":{"line":46,"column":24},"end":{"line":46,"column":54}},"16":{"start":{"line":48,"column":24},"end":{"line":48,"column":46}},"17":{"start":{"line":49,"column":24},"end":{"line":49,"column":61}},"18":{"start":{"line":50,"column":24},"end":{"line":50,"column":67}},"19":{"start":{"line":51,"column":24},"end":{"line":51,"column":38}},"20":{"start":{"line":59,"column":8},"end":{"line":59,"column":95}},"21":{"start":{"line":67,"column":8},"end":{"line":67,"column":29}}},"fnMap":{"0":{"name":"(anonymous_0)","decl":{"start":{"line":6,"column":4},"end":{"line":6,"column":5}},"loc":{"start":{"line":6,"column":21},"end":{"line":14,"column":5}},"line":6},"1":{"name":"(anonymous_1)","decl":{"start":{"line":20,"column":4},"end":{"line":20,"column":5}},"loc":{"start":{"line":20,"column":20},"end":{"line":23,"column":5}},"line":20},"2":{"name":"(anonymous_2)","decl":{"start":{"line":30,"column":4},"end":{"line":30,"column":5}},"loc":{"start":{"line":30,"column":13},"end":{"line":32,"column":5}},"line":30},"3":{"name":"(anonymous_3)","decl":{"start":{"line":39,"column":4},"end":{"line":39,"column":5}},"loc":{"start":{"line":39,"column":14},"end":{"line":56,"column":5}},"line":39},"4":{"name":"(anonymous_4)","decl":{"start":{"line":40,"column":27},"end":{"line":40,"column":28}},"loc":{"start":{"line":40,"column":48},"end":{"line":55,"column":9}},"line":40},"5":{"name":"(anonymous_5)","decl":{"start":{"line":44,"column":79},"end":{"line":44,"column":80}},"loc":{"start":{"line":44,"column":98},"end":{"line":53,"column":17}},"line":44},"6":{"name":"(anonymous_6)","decl":{"start":{"line":58,"column":4},"end":{"line":58,"column":5}},"loc":{"start":{"line":58,"column":18},"end":{"line":60,"column":5}},"line":58},"7":{"name":"(anonymous_7)","decl":{"start":{"line":66,"column":4},"end":{"line":66,"column":5}},"loc":{"start":{"line":66,"column":12},"end":{"line":68,"column":5}},"line":66}},"branchMap":{"0":{"loc":{"start":{"line":41,"column":12},"end":{"line":54,"column":13}},"type":"if","locations":[{"start":{"line":41,"column":12},"end":{"line":54,"column":13}},{"start":{"line":41,"column":12},"end":{"line":54,"column":13}}],"line":41},"1":{"loc":{"start":{"line":45,"column":20},"end":{"line":52,"column":21}},"type":"if","locations":[{"start":{"line":45,"column":20},"end":{"line":52,"column":21}},{"start":{"line":45,"column":20},"end":{"line":52,"column":21}}],"line":45},"2":{"loc":{"start":{"line":59,"column":15},"end":{"line":59,"column":95}},"type":"binary-expr","locations":[{"start":{"line":59,"column":15},"end":{"line":59,"column":29}},{"start":{"line":59,"column":33},"end":{"line":59,"column":56}},{"start":{"line":59,"column":60},"end":{"line":59,"column":95}}],"line":59}},"s":{"0":4,"1":4,"2":4,"3":4,"4":4,"5":4,"6":4,"7":1,"8":1,"9":60,"10":47,"11":47,"12":29,"13":18,"14":18,"15":1,"16":17,"17":17,"18":17,"19":17,"20":47,"21":17},"f":{"0":4,"1":1,"2":60,"3":47,"4":47,"5":18,"6":47,"7":17},"b":{"0":[29,18],"1":[1,17],"2":[47,44,44]},"_coverageSchema":"1a1c01bbd47fc00a2c39e90264f33305004495a9","hash":"aadacc05ce2a7e9f9ebafd7689a2ec890dd0acd5"}
,"C:\\Users\\nico.swan\\Documents\\personal\\Dev\\my-idea-pool\\src\\persistence\\mongodb\\ideas.js": {"path":"C:\\Users\\nico.swan\\Documents\\personal\\Dev\\my-idea-pool\\src\\persistence\\mongodb\\ideas.js","statementMap":{"0":{"start":{"line":5,"column":17},"end":{"line":5,"column":33}},"1":{"start":{"line":9,"column":8},"end":{"line":9,"column":34}},"2":{"start":{"line":10,"column":8},"end":{"line":10,"column":35}},"3":{"start":{"line":11,"column":8},"end":{"line":11,"column":28}},"4":{"start":{"line":18,"column":8},"end":{"line":18,"column":32}},"5":{"start":{"line":25,"column":8},"end":{"line":25,"column":30}},"6":{"start":{"line":33,"column":8},"end":{"line":33,"column":30}},"7":{"start":{"line":40,"column":8},"end":{"line":40,"column":32}},"8":{"start":{"line":47,"column":8},"end":{"line":47,"column":30}},"9":{"start":{"line":56,"column":8},"end":{"line":64,"column":11}},"10":{"start":{"line":57,"column":23},"end":{"line":57,"column":36}},"11":{"start":{"line":58,"column":12},"end":{"line":58,"column":27}},"12":{"start":{"line":59,"column":12},"end":{"line":63,"column":47}},"13":{"start":{"line":60,"column":30},"end":{"line":61,"column":36}},"14":{"start":{"line":62,"column":32},"end":{"line":62,"column":69}},"15":{"start":{"line":63,"column":32},"end":{"line":63,"column":45}},"16":{"start":{"line":74,"column":8},"end":{"line":99,"column":10}},"17":{"start":{"line":75,"column":23},"end":{"line":75,"column":36}},"18":{"start":{"line":77,"column":12},"end":{"line":77,"column":27}},"19":{"start":{"line":78,"column":12},"end":{"line":98,"column":47}},"20":{"start":{"line":79,"column":30},"end":{"line":82,"column":42}},"21":{"start":{"line":86,"column":20},"end":{"line":93,"column":21}},"22":{"start":{"line":87,"column":24},"end":{"line":87,"column":65}},"23":{"start":{"line":88,"column":27},"end":{"line":93,"column":21}},"24":{"start":{"line":90,"column":24},"end":{"line":90,"column":57}},"25":{"start":{"line":91,"column":27},"end":{"line":93,"column":21}},"26":{"start":{"line":92,"column":24},"end":{"line":92,"column":45}},"27":{"start":{"line":94,"column":20},"end":{"line":95,"column":54}},"28":{"start":{"line":97,"column":32},"end":{"line":97,"column":62}},"29":{"start":{"line":98,"column":32},"end":{"line":98,"column":45}},"30":{"start":{"line":110,"column":8},"end":{"line":114,"column":9}},"31":{"start":{"line":111,"column":12},"end":{"line":111,"column":31}},"32":{"start":{"line":113,"column":12},"end":{"line":113,"column":47}},"33":{"start":{"line":115,"column":8},"end":{"line":115,"column":35}},"34":{"start":{"line":125,"column":8},"end":{"line":136,"column":10}},"35":{"start":{"line":126,"column":12},"end":{"line":135,"column":47}},"36":{"start":{"line":127,"column":30},"end":{"line":128,"column":35}},"37":{"start":{"line":130,"column":20},"end":{"line":132,"column":21}},"38":{"start":{"line":131,"column":24},"end":{"line":131,"column":45}},"39":{"start":{"line":133,"column":20},"end":{"line":133,"column":50}},"40":{"start":{"line":135,"column":32},"end":{"line":135,"column":45}},"41":{"start":{"line":147,"column":8},"end":{"line":164,"column":10}},"42":{"start":{"line":148,"column":12},"end":{"line":163,"column":47}},"43":{"start":{"line":149,"column":30},"end":{"line":149,"column":74}},"44":{"start":{"line":151,"column":20},"end":{"line":154,"column":57}},"45":{"start":{"line":157,"column":36},"end":{"line":157,"column":38}},"46":{"start":{"line":158,"column":20},"end":{"line":160,"column":23}},"47":{"start":{"line":159,"column":24},"end":{"line":159,"column":63}},"48":{"start":{"line":161,"column":20},"end":{"line":161,"column":38}},"49":{"start":{"line":163,"column":32},"end":{"line":163,"column":45}},"50":{"start":{"line":176,"column":8},"end":{"line":209,"column":10}},"51":{"start":{"line":177,"column":12},"end":{"line":208,"column":13}},"52":{"start":{"line":179,"column":32},"end":{"line":179,"column":33}},"53":{"start":{"line":180,"column":39},"end":{"line":180,"column":75}},"54":{"start":{"line":181,"column":16},"end":{"line":204,"column":17}},"55":{"start":{"line":182,"column":20},"end":{"line":182,"column":73}},"56":{"start":{"line":183,"column":23},"end":{"line":204,"column":17}},"57":{"start":{"line":185,"column":20},"end":{"line":185,"column":35}},"58":{"start":{"line":186,"column":20},"end":{"line":192,"column":21}},"59":{"start":{"line":187,"column":40},"end":{"line":187,"column":77}},"60":{"start":{"line":188,"column":24},"end":{"line":188,"column":72}},"61":{"start":{"line":189,"column":24},"end":{"line":191,"column":25}},"62":{"start":{"line":190,"column":28},"end":{"line":190,"column":100}},"63":{"start":{"line":193,"column":20},"end":{"line":203,"column":21}},"64":{"start":{"line":194,"column":40},"end":{"line":199,"column":35}},"65":{"start":{"line":200,"column":24},"end":{"line":200,"column":92}},"66":{"start":{"line":202,"column":24},"end":{"line":202,"column":35}},"67":{"start":{"line":205,"column":16},"end":{"line":205,"column":31}},"68":{"start":{"line":207,"column":16},"end":{"line":207,"column":30}},"69":{"start":{"line":219,"column":8},"end":{"line":230,"column":10}},"70":{"start":{"line":220,"column":12},"end":{"line":229,"column":47}},"71":{"start":{"line":221,"column":30},"end":{"line":222,"column":59}},"72":{"start":{"line":224,"column":20},"end":{"line":226,"column":21}},"73":{"start":{"line":225,"column":24},"end":{"line":225,"column":47}},"74":{"start":{"line":227,"column":20},"end":{"line":227,"column":30}},"75":{"start":{"line":229,"column":32},"end":{"line":229,"column":45}}},"fnMap":{"0":{"name":"(anonymous_0)","decl":{"start":{"line":8,"column":4},"end":{"line":8,"column":5}},"loc":{"start":{"line":8,"column":26},"end":{"line":12,"column":5}},"line":8},"1":{"name":"(anonymous_1)","decl":{"start":{"line":17,"column":4},"end":{"line":17,"column":5}},"loc":{"start":{"line":17,"column":25},"end":{"line":19,"column":5}},"line":17},"2":{"name":"(anonymous_2)","decl":{"start":{"line":24,"column":4},"end":{"line":24,"column":5}},"loc":{"start":{"line":24,"column":23},"end":{"line":26,"column":5}},"line":24},"3":{"name":"(anonymous_3)","decl":{"start":{"line":32,"column":4},"end":{"line":32,"column":5}},"loc":{"start":{"line":32,"column":19},"end":{"line":34,"column":5}},"line":32},"4":{"name":"(anonymous_4)","decl":{"start":{"line":39,"column":4},"end":{"line":39,"column":5}},"loc":{"start":{"line":39,"column":21},"end":{"line":41,"column":5}},"line":39},"5":{"name":"(anonymous_5)","decl":{"start":{"line":46,"column":4},"end":{"line":46,"column":5}},"loc":{"start":{"line":46,"column":19},"end":{"line":48,"column":5}},"line":46},"6":{"name":"(anonymous_6)","decl":{"start":{"line":55,"column":4},"end":{"line":55,"column":5}},"loc":{"start":{"line":55,"column":17},"end":{"line":65,"column":5}},"line":55},"7":{"name":"(anonymous_7)","decl":{"start":{"line":56,"column":27},"end":{"line":56,"column":28}},"loc":{"start":{"line":56,"column":48},"end":{"line":64,"column":9}},"line":56},"8":{"name":"(anonymous_8)","decl":{"start":{"line":60,"column":22},"end":{"line":60,"column":23}},"loc":{"start":{"line":60,"column":30},"end":{"line":61,"column":36}},"line":60},"9":{"name":"(anonymous_9)","decl":{"start":{"line":62,"column":22},"end":{"line":62,"column":23}},"loc":{"start":{"line":62,"column":32},"end":{"line":62,"column":69}},"line":62},"10":{"name":"(anonymous_10)","decl":{"start":{"line":63,"column":23},"end":{"line":63,"column":24}},"loc":{"start":{"line":63,"column":32},"end":{"line":63,"column":45}},"line":63},"11":{"name":"(anonymous_11)","decl":{"start":{"line":73,"column":4},"end":{"line":73,"column":5}},"loc":{"start":{"line":73,"column":17},"end":{"line":100,"column":5}},"line":73},"12":{"name":"(anonymous_12)","decl":{"start":{"line":74,"column":27},"end":{"line":74,"column":28}},"loc":{"start":{"line":74,"column":48},"end":{"line":99,"column":9}},"line":74},"13":{"name":"(anonymous_13)","decl":{"start":{"line":79,"column":22},"end":{"line":79,"column":23}},"loc":{"start":{"line":79,"column":30},"end":{"line":82,"column":42}},"line":79},"14":{"name":"(anonymous_14)","decl":{"start":{"line":83,"column":22},"end":{"line":83,"column":23}},"loc":{"start":{"line":83,"column":32},"end":{"line":96,"column":17}},"line":83},"15":{"name":"(anonymous_15)","decl":{"start":{"line":97,"column":22},"end":{"line":97,"column":23}},"loc":{"start":{"line":97,"column":32},"end":{"line":97,"column":62}},"line":97},"16":{"name":"(anonymous_16)","decl":{"start":{"line":98,"column":23},"end":{"line":98,"column":24}},"loc":{"start":{"line":98,"column":32},"end":{"line":98,"column":45}},"line":98},"17":{"name":"(anonymous_17)","decl":{"start":{"line":108,"column":4},"end":{"line":108,"column":5}},"loc":{"start":{"line":108,"column":20},"end":{"line":116,"column":5}},"line":108},"18":{"name":"(anonymous_18)","decl":{"start":{"line":124,"column":4},"end":{"line":124,"column":5}},"loc":{"start":{"line":124,"column":19},"end":{"line":137,"column":5}},"line":124},"19":{"name":"(anonymous_19)","decl":{"start":{"line":125,"column":27},"end":{"line":125,"column":28}},"loc":{"start":{"line":125,"column":48},"end":{"line":136,"column":9}},"line":125},"20":{"name":"(anonymous_20)","decl":{"start":{"line":127,"column":22},"end":{"line":127,"column":23}},"loc":{"start":{"line":127,"column":30},"end":{"line":128,"column":35}},"line":127},"21":{"name":"(anonymous_21)","decl":{"start":{"line":129,"column":22},"end":{"line":129,"column":23}},"loc":{"start":{"line":129,"column":31},"end":{"line":134,"column":17}},"line":129},"22":{"name":"(anonymous_22)","decl":{"start":{"line":135,"column":23},"end":{"line":135,"column":24}},"loc":{"start":{"line":135,"column":32},"end":{"line":135,"column":45}},"line":135},"23":{"name":"(anonymous_23)","decl":{"start":{"line":146,"column":4},"end":{"line":146,"column":5}},"loc":{"start":{"line":146,"column":39},"end":{"line":165,"column":5}},"line":146},"24":{"name":"(anonymous_24)","decl":{"start":{"line":147,"column":27},"end":{"line":147,"column":28}},"loc":{"start":{"line":147,"column":48},"end":{"line":164,"column":9}},"line":147},"25":{"name":"(anonymous_25)","decl":{"start":{"line":149,"column":22},"end":{"line":149,"column":23}},"loc":{"start":{"line":149,"column":30},"end":{"line":149,"column":74}},"line":149},"26":{"name":"(anonymous_26)","decl":{"start":{"line":150,"column":22},"end":{"line":150,"column":23}},"loc":{"start":{"line":150,"column":31},"end":{"line":155,"column":17}},"line":150},"27":{"name":"(anonymous_27)","decl":{"start":{"line":156,"column":22},"end":{"line":156,"column":23}},"loc":{"start":{"line":156,"column":34},"end":{"line":162,"column":17}},"line":156},"28":{"name":"(anonymous_28)","decl":{"start":{"line":158,"column":35},"end":{"line":158,"column":36}},"loc":{"start":{"line":158,"column":46},"end":{"line":160,"column":21}},"line":158},"29":{"name":"(anonymous_29)","decl":{"start":{"line":163,"column":23},"end":{"line":163,"column":24}},"loc":{"start":{"line":163,"column":32},"end":{"line":163,"column":45}},"line":163},"30":{"name":"(anonymous_30)","decl":{"start":{"line":175,"column":4},"end":{"line":175,"column":5}},"loc":{"start":{"line":175,"column":50},"end":{"line":210,"column":5}},"line":175},"31":{"name":"(anonymous_31)","decl":{"start":{"line":176,"column":27},"end":{"line":176,"column":28}},"loc":{"start":{"line":176,"column":54},"end":{"line":209,"column":9}},"line":176},"32":{"name":"(anonymous_32)","decl":{"start":{"line":218,"column":4},"end":{"line":218,"column":5}},"loc":{"start":{"line":218,"column":15},"end":{"line":231,"column":5}},"line":218},"33":{"name":"(anonymous_33)","decl":{"start":{"line":219,"column":27},"end":{"line":219,"column":28}},"loc":{"start":{"line":219,"column":48},"end":{"line":230,"column":9}},"line":219},"34":{"name":"(anonymous_34)","decl":{"start":{"line":221,"column":22},"end":{"line":221,"column":23}},"loc":{"start":{"line":221,"column":30},"end":{"line":222,"column":59}},"line":221},"35":{"name":"(anonymous_35)","decl":{"start":{"line":223,"column":22},"end":{"line":223,"column":23}},"loc":{"start":{"line":223,"column":33},"end":{"line":228,"column":17}},"line":223},"36":{"name":"(anonymous_36)","decl":{"start":{"line":229,"column":23},"end":{"line":229,"column":24}},"loc":{"start":{"line":229,"column":32},"end":{"line":229,"column":45}},"line":229}},"branchMap":{"0":{"loc":{"start":{"line":86,"column":20},"end":{"line":93,"column":21}},"type":"if","locations":[{"start":{"line":86,"column":20},"end":{"line":93,"column":21}},{"start":{"line":86,"column":20},"end":{"line":93,"column":21}}],"line":86},"1":{"loc":{"start":{"line":88,"column":27},"end":{"line":93,"column":21}},"type":"if","locations":[{"start":{"line":88,"column":27},"end":{"line":93,"column":21}},{"start":{"line":88,"column":27},"end":{"line":93,"column":21}}],"line":88},"2":{"loc":{"start":{"line":88,"column":31},"end":{"line":89,"column":97}},"type":"binary-expr","locations":[{"start":{"line":88,"column":32},"end":{"line":88,"column":51}},{"start":{"line":88,"column":56},"end":{"line":88,"column":76}},{"start":{"line":88,"column":80},"end":{"line":88,"column":100}},{"start":{"line":89,"column":25},"end":{"line":89,"column":44}},{"start":{"line":89,"column":49},"end":{"line":89,"column":70}},{"start":{"line":89,"column":74},"end":{"line":89,"column":95}}],"line":88},"3":{"loc":{"start":{"line":91,"column":27},"end":{"line":93,"column":21}},"type":"if","locations":[{"start":{"line":91,"column":27},"end":{"line":93,"column":21}},{"start":{"line":91,"column":27},"end":{"line":93,"column":21}}],"line":91},"4":{"loc":{"start":{"line":110,"column":8},"end":{"line":114,"column":9}},"type":"if","locations":[{"start":{"line":110,"column":8},"end":{"line":114,"column":9}},{"start":{"line":110,"column":8},"end":{"line":114,"column":9}}],"line":110},"5":{"loc":{"start":{"line":130,"column":20},"end":{"line":132,"column":21}},"type":"if","locations":[{"start":{"line":130,"column":20},"end":{"line":132,"column":21}},{"start":{"line":130,"column":20},"end":{"line":132,"column":21}}],"line":130},"6":{"loc":{"start":{"line":181,"column":16},"end":{"line":204,"column":17}},"type":"if","locations":[{"start":{"line":181,"column":16},"end":{"line":204,"column":17}},{"start":{"line":181,"column":16},"end":{"line":204,"column":17}}],"line":181},"7":{"loc":{"start":{"line":181,"column":20},"end":{"line":181,"column":65}},"type":"binary-expr","locations":[{"start":{"line":181,"column":20},"end":{"line":181,"column":42}},{"start":{"line":181,"column":47},"end":{"line":181,"column":64}}],"line":181},"8":{"loc":{"start":{"line":183,"column":23},"end":{"line":204,"column":17}},"type":"if","locations":[{"start":{"line":183,"column":23},"end":{"line":204,"column":17}},{"start":{"line":183,"column":23},"end":{"line":204,"column":17}}],"line":183},"9":{"loc":{"start":{"line":186,"column":20},"end":{"line":192,"column":21}},"type":"if","locations":[{"start":{"line":186,"column":20},"end":{"line":192,"column":21}},{"start":{"line":186,"column":20},"end":{"line":192,"column":21}}],"line":186},"10":{"loc":{"start":{"line":189,"column":24},"end":{"line":191,"column":25}},"type":"if","locations":[{"start":{"line":189,"column":24},"end":{"line":191,"column":25}},{"start":{"line":189,"column":24},"end":{"line":191,"column":25}}],"line":189},"11":{"loc":{"start":{"line":193,"column":20},"end":{"line":203,"column":21}},"type":"if","locations":[{"start":{"line":193,"column":20},"end":{"line":203,"column":21}},{"start":{"line":193,"column":20},"end":{"line":203,"column":21}}],"line":193},"12":{"loc":{"start":{"line":224,"column":20},"end":{"line":226,"column":21}},"type":"if","locations":[{"start":{"line":224,"column":20},"end":{"line":226,"column":21}},{"start":{"line":224,"column":20},"end":{"line":226,"column":21}}],"line":224}},"s":{"0":7,"1":1,"2":1,"3":1,"4":23,"5":1,"6":33,"7":1,"8":1,"9":7,"10":7,"11":7,"12":7,"13":7,"14":7,"15":0,"16":2,"17":2,"18":2,"19":2,"20":2,"21":2,"22":0,"23":2,"24":2,"25":0,"26":0,"27":2,"28":2,"29":0,"30":2,"31":1,"32":1,"33":2,"34":2,"35":2,"36":2,"37":2,"38":0,"39":2,"40":0,"41":4,"42":4,"43":4,"44":4,"45":4,"46":4,"47":17,"48":4,"49":0,"50":4,"51":4,"52":4,"53":4,"54":4,"55":1,"56":3,"57":2,"58":2,"59":2,"60":2,"61":2,"62":1,"63":2,"64":2,"65":2,"66":0,"67":4,"68":0,"69":2,"70":2,"71":2,"72":2,"73":0,"74":2,"75":0},"f":{"0":1,"1":23,"2":1,"3":33,"4":1,"5":1,"6":7,"7":7,"8":7,"9":7,"10":0,"11":2,"12":2,"13":2,"14":2,"15":2,"16":0,"17":2,"18":2,"19":2,"20":2,"21":2,"22":0,"23":4,"24":4,"25":4,"26":4,"27":4,"28":17,"29":0,"30":4,"31":4,"32":2,"33":2,"34":2,"35":2,"36":0},"b":{"0":[0,2],"1":[2,0],"2":[2,2,2,1,1,1],"3":[0,0],"4":[1,1],"5":[0,2],"6":[1,3],"7":[4,1],"8":[2,1],"9":[2,0],"10":[1,1],"11":[2,0],"12":[0,2]},"_coverageSchema":"1a1c01bbd47fc00a2c39e90264f33305004495a9","hash":"dec3a9a26c999b82fd9a88414e68f758638b19cc"}
,"C:\\Users\\nico.swan\\Documents\\personal\\Dev\\my-idea-pool\\src\\persistence\\mongodb\\users.js": {"path":"C:\\Users\\nico.swan\\Documents\\personal\\Dev\\my-idea-pool\\src\\persistence\\mongodb\\users.js","statementMap":{"0":{"start":{"line":8,"column":17},"end":{"line":8,"column":33}},"1":{"start":{"line":12,"column":8},"end":{"line":12,"column":33}},"2":{"start":{"line":13,"column":8},"end":{"line":13,"column":34}},"3":{"start":{"line":22,"column":8},"end":{"line":36,"column":10}},"4":{"start":{"line":23,"column":12},"end":{"line":35,"column":47}},"5":{"start":{"line":24,"column":30},"end":{"line":25,"column":51}},"6":{"start":{"line":27,"column":20},"end":{"line":32,"column":21}},"7":{"start":{"line":28,"column":24},"end":{"line":28,"column":48}},"8":{"start":{"line":30,"column":24},"end":{"line":31,"column":45}},"9":{"start":{"line":34,"column":32},"end":{"line":34,"column":69}},"10":{"start":{"line":35,"column":32},"end":{"line":35,"column":45}},"11":{"start":{"line":45,"column":8},"end":{"line":45,"column":48}},"12":{"start":{"line":54,"column":8},"end":{"line":65,"column":10}},"13":{"start":{"line":55,"column":12},"end":{"line":64,"column":47}},"14":{"start":{"line":56,"column":30},"end":{"line":57,"column":35}},"15":{"start":{"line":59,"column":20},"end":{"line":61,"column":21}},"16":{"start":{"line":60,"column":24},"end":{"line":60,"column":45}},"17":{"start":{"line":62,"column":20},"end":{"line":62,"column":50}},"18":{"start":{"line":64,"column":32},"end":{"line":64,"column":45}},"19":{"start":{"line":76,"column":8},"end":{"line":94,"column":10}},"20":{"start":{"line":77,"column":12},"end":{"line":93,"column":47}},"21":{"start":{"line":78,"column":30},"end":{"line":85,"column":26}},"22":{"start":{"line":88,"column":20},"end":{"line":90,"column":21}},"23":{"start":{"line":89,"column":24},"end":{"line":89,"column":47}},"24":{"start":{"line":91,"column":20},"end":{"line":91,"column":30}},"25":{"start":{"line":93,"column":32},"end":{"line":93,"column":45}},"26":{"start":{"line":105,"column":8},"end":{"line":124,"column":10}},"27":{"start":{"line":106,"column":12},"end":{"line":123,"column":47}},"28":{"start":{"line":107,"column":30},"end":{"line":108,"column":50}},"29":{"start":{"line":110,"column":20},"end":{"line":112,"column":21}},"30":{"start":{"line":111,"column":24},"end":{"line":111,"column":47}},"31":{"start":{"line":114,"column":20},"end":{"line":114,"column":66}},"32":{"start":{"line":117,"column":20},"end":{"line":121,"column":21}},"33":{"start":{"line":118,"column":24},"end":{"line":118,"column":34}},"34":{"start":{"line":120,"column":24},"end":{"line":120,"column":56}},"35":{"start":{"line":123,"column":32},"end":{"line":123,"column":45}}},"fnMap":{"0":{"name":"(anonymous_0)","decl":{"start":{"line":11,"column":4},"end":{"line":11,"column":5}},"loc":{"start":{"line":11,"column":26},"end":{"line":14,"column":5}},"line":11},"1":{"name":"(anonymous_1)","decl":{"start":{"line":21,"column":4},"end":{"line":21,"column":5}},"loc":{"start":{"line":21,"column":17},"end":{"line":37,"column":5}},"line":21},"2":{"name":"(anonymous_2)","decl":{"start":{"line":22,"column":27},"end":{"line":22,"column":28}},"loc":{"start":{"line":22,"column":48},"end":{"line":36,"column":9}},"line":22},"3":{"name":"(anonymous_3)","decl":{"start":{"line":24,"column":22},"end":{"line":24,"column":23}},"loc":{"start":{"line":24,"column":30},"end":{"line":25,"column":51}},"line":24},"4":{"name":"(anonymous_4)","decl":{"start":{"line":26,"column":22},"end":{"line":26,"column":23}},"loc":{"start":{"line":26,"column":36},"end":{"line":33,"column":17}},"line":26},"5":{"name":"(anonymous_5)","decl":{"start":{"line":34,"column":22},"end":{"line":34,"column":23}},"loc":{"start":{"line":34,"column":32},"end":{"line":34,"column":69}},"line":34},"6":{"name":"(anonymous_6)","decl":{"start":{"line":35,"column":23},"end":{"line":35,"column":24}},"loc":{"start":{"line":35,"column":32},"end":{"line":35,"column":45}},"line":35},"7":{"name":"(anonymous_7)","decl":{"start":{"line":44,"column":4},"end":{"line":44,"column":5}},"loc":{"start":{"line":44,"column":26},"end":{"line":46,"column":5}},"line":44},"8":{"name":"(anonymous_8)","decl":{"start":{"line":53,"column":4},"end":{"line":53,"column":5}},"loc":{"start":{"line":53,"column":19},"end":{"line":66,"column":5}},"line":53},"9":{"name":"(anonymous_9)","decl":{"start":{"line":54,"column":27},"end":{"line":54,"column":28}},"loc":{"start":{"line":54,"column":48},"end":{"line":65,"column":9}},"line":54},"10":{"name":"(anonymous_10)","decl":{"start":{"line":56,"column":22},"end":{"line":56,"column":23}},"loc":{"start":{"line":56,"column":30},"end":{"line":57,"column":35}},"line":56},"11":{"name":"(anonymous_11)","decl":{"start":{"line":58,"column":22},"end":{"line":58,"column":23}},"loc":{"start":{"line":58,"column":31},"end":{"line":63,"column":17}},"line":58},"12":{"name":"(anonymous_12)","decl":{"start":{"line":64,"column":23},"end":{"line":64,"column":24}},"loc":{"start":{"line":64,"column":32},"end":{"line":64,"column":45}},"line":64},"13":{"name":"(anonymous_13)","decl":{"start":{"line":75,"column":4},"end":{"line":75,"column":5}},"loc":{"start":{"line":75,"column":51},"end":{"line":96,"column":5}},"line":75},"14":{"name":"(anonymous_14)","decl":{"start":{"line":76,"column":27},"end":{"line":76,"column":28}},"loc":{"start":{"line":76,"column":48},"end":{"line":94,"column":9}},"line":76},"15":{"name":"(anonymous_15)","decl":{"start":{"line":78,"column":22},"end":{"line":78,"column":23}},"loc":{"start":{"line":78,"column":30},"end":{"line":85,"column":26}},"line":78},"16":{"name":"(anonymous_16)","decl":{"start":{"line":87,"column":22},"end":{"line":87,"column":23}},"loc":{"start":{"line":87,"column":33},"end":{"line":92,"column":17}},"line":87},"17":{"name":"(anonymous_17)","decl":{"start":{"line":93,"column":23},"end":{"line":93,"column":24}},"loc":{"start":{"line":93,"column":32},"end":{"line":93,"column":45}},"line":93},"18":{"name":"(anonymous_18)","decl":{"start":{"line":104,"column":4},"end":{"line":104,"column":5}},"loc":{"start":{"line":104,"column":22},"end":{"line":126,"column":5}},"line":104},"19":{"name":"(anonymous_19)","decl":{"start":{"line":105,"column":27},"end":{"line":105,"column":28}},"loc":{"start":{"line":105,"column":48},"end":{"line":124,"column":9}},"line":105},"20":{"name":"(anonymous_20)","decl":{"start":{"line":107,"column":22},"end":{"line":107,"column":23}},"loc":{"start":{"line":107,"column":30},"end":{"line":108,"column":50}},"line":107},"21":{"name":"(anonymous_21)","decl":{"start":{"line":109,"column":22},"end":{"line":109,"column":23}},"loc":{"start":{"line":109,"column":33},"end":{"line":115,"column":17}},"line":109},"22":{"name":"(anonymous_22)","decl":{"start":{"line":116,"column":22},"end":{"line":116,"column":23}},"loc":{"start":{"line":116,"column":32},"end":{"line":122,"column":17}},"line":116},"23":{"name":"(anonymous_23)","decl":{"start":{"line":123,"column":23},"end":{"line":123,"column":24}},"loc":{"start":{"line":123,"column":32},"end":{"line":123,"column":45}},"line":123}},"branchMap":{"0":{"loc":{"start":{"line":27,"column":20},"end":{"line":32,"column":21}},"type":"if","locations":[{"start":{"line":27,"column":20},"end":{"line":32,"column":21}},{"start":{"line":27,"column":20},"end":{"line":32,"column":21}}],"line":27},"1":{"loc":{"start":{"line":59,"column":20},"end":{"line":61,"column":21}},"type":"if","locations":[{"start":{"line":59,"column":20},"end":{"line":61,"column":21}},{"start":{"line":59,"column":20},"end":{"line":61,"column":21}}],"line":59},"2":{"loc":{"start":{"line":88,"column":20},"end":{"line":90,"column":21}},"type":"if","locations":[{"start":{"line":88,"column":20},"end":{"line":90,"column":21}},{"start":{"line":88,"column":20},"end":{"line":90,"column":21}}],"line":88},"3":{"loc":{"start":{"line":110,"column":20},"end":{"line":112,"column":21}},"type":"if","locations":[{"start":{"line":110,"column":20},"end":{"line":112,"column":21}},{"start":{"line":110,"column":20},"end":{"line":112,"column":21}}],"line":110},"4":{"loc":{"start":{"line":117,"column":20},"end":{"line":121,"column":21}},"type":"if","locations":[{"start":{"line":117,"column":20},"end":{"line":121,"column":21}},{"start":{"line":117,"column":20},"end":{"line":121,"column":21}}],"line":117}},"s":{"0":8,"1":18,"2":18,"3":5,"4":5,"5":5,"6":5,"7":1,"8":4,"9":5,"10":1,"11":1,"12":1,"13":1,"14":1,"15":1,"16":0,"17":1,"18":0,"19":3,"20":3,"21":3,"22":3,"23":0,"24":3,"25":0,"26":1,"27":1,"28":1,"29":1,"30":0,"31":1,"32":1,"33":1,"34":0,"35":0},"f":{"0":18,"1":5,"2":5,"3":5,"4":5,"5":5,"6":1,"7":1,"8":1,"9":1,"10":1,"11":1,"12":0,"13":3,"14":3,"15":3,"16":3,"17":0,"18":1,"19":1,"20":1,"21":1,"22":1,"23":0},"b":{"0":[1,4],"1":[0,1],"2":[0,3],"3":[0,1],"4":[1,0]},"_coverageSchema":"1a1c01bbd47fc00a2c39e90264f33305004495a9","hash":"6bafb7258cf4541ae35474a5372b575a185adf60"}
,"C:\\Users\\nico.swan\\Documents\\personal\\Dev\\my-idea-pool\\src\\routes\\access_tokens.js": {"path":"C:\\Users\\nico.swan\\Documents\\personal\\Dev\\my-idea-pool\\src\\routes\\access_tokens.js","statementMap":{"0":{"start":{"line":12,"column":27},"end":{"line":12,"column":49}},"1":{"start":{"line":24,"column":0},"end":{"line":37,"column":3}},"2":{"start":{"line":25,"column":22},"end":{"line":25,"column":56}},"3":{"start":{"line":26,"column":23},"end":{"line":26,"column":65}},"4":{"start":{"line":28,"column":28},"end":{"line":28,"column":49}},"5":{"start":{"line":29,"column":2},"end":{"line":36,"column":33}},"6":{"start":{"line":31,"column":16},"end":{"line":31,"column":86}},"7":{"start":{"line":33,"column":18},"end":{"line":33,"column":43}},"8":{"start":{"line":34,"column":25},"end":{"line":34,"column":58}},"9":{"start":{"line":36,"column":20},"end":{"line":36,"column":31}},"10":{"start":{"line":52,"column":0},"end":{"line":62,"column":2}},"11":{"start":{"line":53,"column":23},"end":{"line":53,"column":65}},"12":{"start":{"line":55,"column":28},"end":{"line":55,"column":45}},"13":{"start":{"line":56,"column":2},"end":{"line":61,"column":17}},"14":{"start":{"line":58,"column":16},"end":{"line":58,"column":70}},"15":{"start":{"line":59,"column":23},"end":{"line":59,"column":67}},"16":{"start":{"line":73,"column":0},"end":{"line":82,"column":3}},"17":{"start":{"line":74,"column":23},"end":{"line":74,"column":65}},"18":{"start":{"line":75,"column":28},"end":{"line":75,"column":45}},"19":{"start":{"line":76,"column":2},"end":{"line":81,"column":17}},"20":{"start":{"line":78,"column":16},"end":{"line":78,"column":69}},"21":{"start":{"line":79,"column":16},"end":{"line":79,"column":38}}},"fnMap":{"0":{"name":"(anonymous_0)","decl":{"start":{"line":24,"column":29},"end":{"line":24,"column":30}},"loc":{"start":{"line":24,"column":55},"end":{"line":37,"column":1}},"line":24},"1":{"name":"(anonymous_1)","decl":{"start":{"line":31,"column":10},"end":{"line":31,"column":11}},"loc":{"start":{"line":31,"column":16},"end":{"line":31,"column":86}},"line":31},"2":{"name":"(anonymous_2)","decl":{"start":{"line":33,"column":10},"end":{"line":33,"column":11}},"loc":{"start":{"line":33,"column":18},"end":{"line":33,"column":43}},"line":33},"3":{"name":"(anonymous_3)","decl":{"start":{"line":34,"column":10},"end":{"line":34,"column":11}},"loc":{"start":{"line":34,"column":25},"end":{"line":34,"column":58}},"line":34},"4":{"name":"(anonymous_4)","decl":{"start":{"line":36,"column":11},"end":{"line":36,"column":12}},"loc":{"start":{"line":36,"column":20},"end":{"line":36,"column":31}},"line":36},"5":{"name":"(anonymous_5)","decl":{"start":{"line":52,"column":50},"end":{"line":52,"column":51}},"loc":{"start":{"line":52,"column":76},"end":{"line":62,"column":1}},"line":52},"6":{"name":"(anonymous_6)","decl":{"start":{"line":58,"column":10},"end":{"line":58,"column":11}},"loc":{"start":{"line":58,"column":16},"end":{"line":58,"column":70}},"line":58},"7":{"name":"(anonymous_7)","decl":{"start":{"line":59,"column":10},"end":{"line":59,"column":11}},"loc":{"start":{"line":59,"column":23},"end":{"line":59,"column":67}},"line":59},"8":{"name":"(anonymous_8)","decl":{"start":{"line":73,"column":45},"end":{"line":73,"column":46}},"loc":{"start":{"line":73,"column":71},"end":{"line":82,"column":1}},"line":73},"9":{"name":"(anonymous_9)","decl":{"start":{"line":78,"column":10},"end":{"line":78,"column":11}},"loc":{"start":{"line":78,"column":16},"end":{"line":78,"column":69}},"line":78},"10":{"name":"(anonymous_10)","decl":{"start":{"line":79,"column":10},"end":{"line":79,"column":11}},"loc":{"start":{"line":79,"column":16},"end":{"line":79,"column":38}},"line":79}},"branchMap":{},"s":{"0":10,"1":10,"2":4,"3":4,"4":4,"5":4,"6":4,"7":1,"8":1,"9":3,"10":10,"11":4,"12":4,"13":4,"14":4,"15":1,"16":10,"17":2,"18":2,"19":2,"20":2,"21":1},"f":{"0":4,"1":4,"2":1,"3":1,"4":3,"5":4,"6":4,"7":1,"8":2,"9":2,"10":1},"b":{},"_coverageSchema":"1a1c01bbd47fc00a2c39e90264f33305004495a9","hash":"6f659299201f24641d3c47a517a144cfd76a7d37"}
,"C:\\Users\\nico.swan\\Documents\\personal\\Dev\\my-idea-pool\\src\\routes\\ideas.js": {"path":"C:\\Users\\nico.swan\\Documents\\personal\\Dev\\my-idea-pool\\src\\routes\\ideas.js","statementMap":{"0":{"start":{"line":11,"column":20},"end":{"line":11,"column":36}},"1":{"start":{"line":24,"column":0},"end":{"line":34,"column":3}},"2":{"start":{"line":25,"column":22},"end":{"line":25,"column":56}},"3":{"start":{"line":26,"column":28},"end":{"line":26,"column":71}},"4":{"start":{"line":27,"column":2},"end":{"line":33,"column":17}},"5":{"start":{"line":29,"column":16},"end":{"line":29,"column":54}},"6":{"start":{"line":31,"column":6},"end":{"line":31,"column":47}},"7":{"start":{"line":48,"column":0},"end":{"line":58,"column":3}},"8":{"start":{"line":49,"column":22},"end":{"line":49,"column":56}},"9":{"start":{"line":51,"column":28},"end":{"line":51,"column":71}},"10":{"start":{"line":52,"column":2},"end":{"line":57,"column":17}},"11":{"start":{"line":54,"column":16},"end":{"line":54,"column":69}},"12":{"start":{"line":55,"column":18},"end":{"line":55,"column":53}},"13":{"start":{"line":69,"column":0},"end":{"line":76,"column":3}},"14":{"start":{"line":70,"column":22},"end":{"line":70,"column":56}},"15":{"start":{"line":72,"column":2},"end":{"line":75,"column":17}},"16":{"start":{"line":73,"column":16},"end":{"line":73,"column":38}},"17":{"start":{"line":89,"column":0},"end":{"line":96,"column":3}},"18":{"start":{"line":90,"column":22},"end":{"line":90,"column":56}},"19":{"start":{"line":92,"column":2},"end":{"line":95,"column":17}},"20":{"start":{"line":93,"column":18},"end":{"line":93,"column":53}},"21":{"start":{"line":110,"column":0},"end":{"line":125,"column":3}},"22":{"start":{"line":111,"column":22},"end":{"line":111,"column":56}},"23":{"start":{"line":113,"column":16},"end":{"line":113,"column":18}},"24":{"start":{"line":114,"column":2},"end":{"line":114,"column":63}},"25":{"start":{"line":114,"column":24},"end":{"line":114,"column":61}},"26":{"start":{"line":115,"column":2},"end":{"line":115,"column":63}},"27":{"start":{"line":115,"column":24},"end":{"line":115,"column":61}},"28":{"start":{"line":116,"column":2},"end":{"line":124,"column":17}},"29":{"start":{"line":118,"column":19},"end":{"line":118,"column":21}},"30":{"start":{"line":119,"column":6},"end":{"line":121,"column":8}},"31":{"start":{"line":120,"column":8},"end":{"line":120,"column":35}},"32":{"start":{"line":122,"column":6},"end":{"line":122,"column":35}}},"fnMap":{"0":{"name":"(anonymous_0)","decl":{"start":{"line":24,"column":36},"end":{"line":24,"column":37}},"loc":{"start":{"line":24,"column":62},"end":{"line":34,"column":1}},"line":24},"1":{"name":"(anonymous_1)","decl":{"start":{"line":29,"column":10},"end":{"line":29,"column":11}},"loc":{"start":{"line":29,"column":16},"end":{"line":29,"column":54}},"line":29},"2":{"name":"(anonymous_2)","decl":{"start":{"line":30,"column":10},"end":{"line":30,"column":11}},"loc":{"start":{"line":30,"column":18},"end":{"line":32,"column":5}},"line":30},"3":{"name":"(anonymous_3)","decl":{"start":{"line":48,"column":38},"end":{"line":48,"column":39}},"loc":{"start":{"line":48,"column":64},"end":{"line":58,"column":1}},"line":48},"4":{"name":"(anonymous_4)","decl":{"start":{"line":54,"column":10},"end":{"line":54,"column":11}},"loc":{"start":{"line":54,"column":16},"end":{"line":54,"column":69}},"line":54},"5":{"name":"(anonymous_5)","decl":{"start":{"line":55,"column":10},"end":{"line":55,"column":11}},"loc":{"start":{"line":55,"column":18},"end":{"line":55,"column":53}},"line":55},"6":{"name":"(anonymous_6)","decl":{"start":{"line":69,"column":41},"end":{"line":69,"column":42}},"loc":{"start":{"line":69,"column":67},"end":{"line":76,"column":1}},"line":69},"7":{"name":"(anonymous_7)","decl":{"start":{"line":73,"column":10},"end":{"line":73,"column":11}},"loc":{"start":{"line":73,"column":16},"end":{"line":73,"column":38}},"line":73},"8":{"name":"(anonymous_8)","decl":{"start":{"line":89,"column":38},"end":{"line":89,"column":39}},"loc":{"start":{"line":89,"column":64},"end":{"line":96,"column":1}},"line":89},"9":{"name":"(anonymous_9)","decl":{"start":{"line":93,"column":10},"end":{"line":93,"column":11}},"loc":{"start":{"line":93,"column":18},"end":{"line":93,"column":53}},"line":93},"10":{"name":"(anonymous_10)","decl":{"start":{"line":110,"column":35},"end":{"line":110,"column":36}},"loc":{"start":{"line":110,"column":61},"end":{"line":125,"column":1}},"line":110},"11":{"name":"(anonymous_11)","decl":{"start":{"line":117,"column":10},"end":{"line":117,"column":11}},"loc":{"start":{"line":117,"column":19},"end":{"line":123,"column":5}},"line":117},"12":{"name":"(anonymous_12)","decl":{"start":{"line":119,"column":20},"end":{"line":119,"column":21}},"loc":{"start":{"line":119,"column":30},"end":{"line":121,"column":7}},"line":119}},"branchMap":{"0":{"loc":{"start":{"line":114,"column":2},"end":{"line":114,"column":63}},"type":"if","locations":[{"start":{"line":114,"column":2},"end":{"line":114,"column":63}},{"start":{"line":114,"column":2},"end":{"line":114,"column":63}}],"line":114},"1":{"loc":{"start":{"line":115,"column":2},"end":{"line":115,"column":63}},"type":"if","locations":[{"start":{"line":115,"column":2},"end":{"line":115,"column":63}},{"start":{"line":115,"column":2},"end":{"line":115,"column":63}}],"line":115}},"s":{"0":10,"1":10,"2":2,"3":2,"4":2,"5":1,"6":1,"7":10,"8":2,"9":2,"10":2,"11":1,"12":1,"13":10,"14":1,"15":1,"16":1,"17":10,"18":1,"19":1,"20":1,"21":10,"22":2,"23":2,"24":2,"25":1,"26":2,"27":0,"28":2,"29":2,"30":2,"31":20,"32":2},"f":{"0":2,"1":1,"2":1,"3":2,"4":1,"5":1,"6":1,"7":1,"8":1,"9":1,"10":2,"11":2,"12":20},"b":{"0":[1,1],"1":[0,2]},"_coverageSchema":"1a1c01bbd47fc00a2c39e90264f33305004495a9","hash":"cda74174c591592bb35be5ccdf9ee7a663647b8c"}
,"C:\\Users\\nico.swan\\Documents\\personal\\Dev\\my-idea-pool\\src\\routes\\index.js": {"path":"C:\\Users\\nico.swan\\Documents\\personal\\Dev\\my-idea-pool\\src\\routes\\index.js","statementMap":{"0":{"start":{"line":2,"column":15},"end":{"line":2,"column":31}},"1":{"start":{"line":4,"column":0},"end":{"line":9,"column":3}},"2":{"start":{"line":5,"column":2},"end":{"line":7,"column":3}},"3":{"start":{"line":6,"column":4},"end":{"line":6,"column":28}},"4":{"start":{"line":8,"column":2},"end":{"line":8,"column":95}}},"fnMap":{"0":{"name":"(anonymous_0)","decl":{"start":{"line":4,"column":16},"end":{"line":4,"column":17}},"loc":{"start":{"line":4,"column":42},"end":{"line":9,"column":1}},"line":4}},"branchMap":{"0":{"loc":{"start":{"line":5,"column":2},"end":{"line":7,"column":3}},"type":"if","locations":[{"start":{"line":5,"column":2},"end":{"line":7,"column":3}},{"start":{"line":5,"column":2},"end":{"line":7,"column":3}}],"line":5}},"s":{"0":10,"1":10,"2":2,"3":1,"4":1},"f":{"0":2},"b":{"0":[1,1]},"_coverageSchema":"1a1c01bbd47fc00a2c39e90264f33305004495a9","hash":"9922ab68cf85b63a7d036f2d7fe0b1ed3ea4df09"}
,"C:\\Users\\nico.swan\\Documents\\personal\\Dev\\my-idea-pool\\src\\routes\\me.js": {"path":"C:\\Users\\nico.swan\\Documents\\personal\\Dev\\my-idea-pool\\src\\routes\\me.js","statementMap":{"0":{"start":{"line":9,"column":17},"end":{"line":9,"column":33}},"1":{"start":{"line":19,"column":0},"end":{"line":23,"column":3}},"2":{"start":{"line":20,"column":22},"end":{"line":20,"column":56}},"3":{"start":{"line":21,"column":18},"end":{"line":21,"column":50}},"4":{"start":{"line":22,"column":2},"end":{"line":22,"column":20}}},"fnMap":{"0":{"name":"(anonymous_0)","decl":{"start":{"line":19,"column":32},"end":{"line":19,"column":33}},"loc":{"start":{"line":19,"column":46},"end":{"line":23,"column":1}},"line":19}},"branchMap":{},"s":{"0":10,"1":10,"2":1,"3":1,"4":1},"f":{"0":1},"b":{},"_coverageSchema":"1a1c01bbd47fc00a2c39e90264f33305004495a9","hash":"dd9558e8a26f130f12ffc610192950c6cc641acc"}
,"C:\\Users\\nico.swan\\Documents\\personal\\Dev\\my-idea-pool\\src\\routes\\users.js": {"path":"C:\\Users\\nico.swan\\Documents\\personal\\Dev\\my-idea-pool\\src\\routes\\users.js","statementMap":{"0":{"start":{"line":10,"column":20},"end":{"line":10,"column":36}},"1":{"start":{"line":23,"column":0},"end":{"line":33,"column":3}},"2":{"start":{"line":24,"column":2},"end":{"line":32,"column":5}},"3":{"start":{"line":25,"column":24},"end":{"line":25,"column":58}},"4":{"start":{"line":27,"column":30},"end":{"line":27,"column":59}},"5":{"start":{"line":28,"column":4},"end":{"line":31,"column":35}},"6":{"start":{"line":29,"column":18},"end":{"line":29,"column":86}},"7":{"start":{"line":30,"column":27},"end":{"line":30,"column":69}},"8":{"start":{"line":31,"column":22},"end":{"line":31,"column":33}}},"fnMap":{"0":{"name":"(anonymous_0)","decl":{"start":{"line":23,"column":22},"end":{"line":23,"column":23}},"loc":{"start":{"line":23,"column":48},"end":{"line":33,"column":1}},"line":23},"1":{"name":"(anonymous_1)","decl":{"start":{"line":24,"column":21},"end":{"line":24,"column":22}},"loc":{"start":{"line":24,"column":42},"end":{"line":32,"column":3}},"line":24},"2":{"name":"(anonymous_2)","decl":{"start":{"line":29,"column":12},"end":{"line":29,"column":13}},"loc":{"start":{"line":29,"column":18},"end":{"line":29,"column":86}},"line":29},"3":{"name":"(anonymous_3)","decl":{"start":{"line":30,"column":12},"end":{"line":30,"column":13}},"loc":{"start":{"line":30,"column":27},"end":{"line":30,"column":69}},"line":30},"4":{"name":"(anonymous_4)","decl":{"start":{"line":31,"column":13},"end":{"line":31,"column":14}},"loc":{"start":{"line":31,"column":22},"end":{"line":31,"column":33}},"line":31}},"branchMap":{},"s":{"0":10,"1":10,"2":3,"3":3,"4":3,"5":3,"6":2,"7":1,"8":2},"f":{"0":3,"1":3,"2":2,"3":1,"4":2},"b":{},"_coverageSchema":"1a1c01bbd47fc00a2c39e90264f33305004495a9","hash":"249643c9041b73265d3d18531302d59bc55bff22"}
[...]
93}},"46":{"start":{"line":157,"column":20},"end":{"line":157,"column":54}},"47":{"start":{"line":160,"column":16},"end":{"line":160,"column":51}},"48":{"start":{"line":171,"column":8},"end":{"line":176,"column":9}},"49":{"start":{"line":186,"column":28},"end":{"line":190,"column":60}},"50":{"start":{"line":191,"column":8},"end":{"line":191,"column":27}},"51":{"start":{"line":199,"column":24},"end":{"line":199,"column":44}},"52":{"start":{"line":200,"column":33},"end":{"line":200,"column":71}},"53":{"start":{"line":201,"column":27},"end":{"line":201,"column":53}},"54":{"start":{"line":202,"column":21},"end":{"line":202,"column":65}},"55":{"start":{"line":203,"column":8},"end":{"line":203,"column":39}},"56":{"start":{"line":212,"column":8},"end":{"line":220,"column":9}},"57":{"start":{"line":213,"column":25},"end":{"line":213,"column":64}},"58":{"start":{"line":214,"column":25},"end":{"line":214,"column":47}},"59":{"start":{"line":215,"column":31},"end":{"line":215,"column":57}},"60":{"start":{"line":216,"column":32},"end":{"line":216,"column":52}},"61":{"start":{"line":217,"column":12},"end":{"line":217,"column":46}},"62":{"start":{"line":219,"column":12},"end":{"line":219,"column":61}}},"fnMap":{"0":{"name":"(anonymous_0)","decl":{"start":{"line":27,"column":4},"end":{"line":27,"column":5}},"loc":{"start":{"line":27,"column":20},"end":{"line":32,"column":5}},"line":27},"1":{"name":"(anonymous_1)","decl":{"start":{"line":40,"column":4},"end":{"line":40,"column":5}},"loc":{"start":{"line":40,"column":42},"end":{"line":56,"column":5}},"line":40},"2":{"name":"(anonymous_2)","decl":{"start":{"line":64,"column":4},"end":{"line":64,"column":5}},"loc":{"start":{"line":64,"column":17},"end":{"line":86,"column":5}},"line":64},"3":{"name":"(anonymous_3)","decl":{"start":{"line":65,"column":27},"end":{"line":65,"column":28}},"loc":{"start":{"line":65,"column":48},"end":{"line":85,"column":9}},"line":65},"4":{"name":"(anonymous_4)","decl":{"start":{"line":69,"column":22},"end":{"line":69,"column":23}},"loc":{"start":{"line":69,"column":30},"end":{"line":77,"column":17}},"line":69},"5":{"name":"(anonymous_5)","decl":{"start":{"line":78,"column":23},"end":{"line":78,"column":24}},"loc":{"start":{"line":78,"column":32},"end":{"line":84,"column":17}},"line":78},"6":{"name":"(anonymous_6)","decl":{"start":{"line":94,"column":4},"end":{"line":94,"column":5}},"loc":{"start":{"line":94,"column":32},"end":{"line":118,"column":5}},"line":94},"7":{"name":"(anonymous_7)","decl":{"start":{"line":95,"column":27},"end":{"line":95,"column":28}},"loc":{"start":{"line":95,"column":48},"end":{"line":117,"column":9}},"line":95},"8":{"name":"(anonymous_8)","decl":{"start":{"line":101,"column":30},"end":{"line":101,"column":31}},"loc":{"start":{"line":101,"column":36},"end":{"line":103,"column":25}},"line":101},"9":{"name":"(anonymous_9)","decl":{"start":{"line":104,"column":31},"end":{"line":104,"column":32}},"loc":{"start":{"line":104,"column":40},"end":{"line":110,"column":25}},"line":104},"10":{"name":"(anonymous_10)","decl":{"start":{"line":127,"column":4},"end":{"line":127,"column":5}},"loc":{"start":{"line":127,"column":50},"end":{"line":139,"column":5}},"line":127},"11":{"name":"(anonymous_11)","decl":{"start":{"line":128,"column":27},"end":{"line":128,"column":28}},"loc":{"start":{"line":128,"column":48},"end":{"line":138,"column":9}},"line":128},"12":{"name":"(anonymous_12)","decl":{"start":{"line":130,"column":22},"end":{"line":130,"column":23}},"loc":{"start":{"line":130,"column":28},"end":{"line":136,"column":17}},"line":130},"13":{"name":"(anonymous_13)","decl":{"start":{"line":137,"column":23},"end":{"line":137,"column":24}},"loc":{"start":{"line":137,"column":34},"end":{"line":137,"column":47}},"line":137},"14":{"name":"(anonymous_14)","decl":{"start":{"line":147,"column":4},"end":{"line":147,"column":5}},"loc":{"start":{"line":147,"column":31},"end":{"line":163,"column":5}},"line":147},"15":{"name":"(anonymous_15)","decl":{"start":{"line":148,"column":27},"end":{"line":148,"column":28}},"loc":{"start":{"line":148,"column":48},"end":{"line":162,"column":9}},"line":148},"16":{"name":"(anonymous_16)","decl":{"start":{"line":152,"column":30},"end":{"line":152,"column":31}},"loc":{"start":{"line":152,"column":36},"end":{"line":154,"column":25}},"line":152},"17":{"name":"(anonymous_17)","decl":{"start":{"line":155,"column":31},"end":{"line":155,"column":32}},"loc":{"start":{"line":155,"column":42},"end":{"line":155,"column":93}},"line":155},"18":{"name":"(anonymous_18)","decl":{"start":{"line":170,"column":4},"end":{"line":170,"column":5}},"loc":{"start":{"line":170,"column":25},"end":{"line":177,"column":5}},"line":170},"19":{"name":"(anonymous_19)","decl":{"start":{"line":185,"column":4},"end":{"line":185,"column":5}},"loc":{"start":{"line":185,"column":31},"end":{"line":192,"column":5}},"line":185},"20":{"name":"(anonymous_20)","decl":{"start":{"line":198,"column":4},"end":{"line":198,"column":5}},"loc":{"start":{"line":198,"column":28},"end":{"line":204,"column":5}},"line":198},"21":{"name":"(anonymous_21)","decl":{"start":{"line":211,"column":4},"end":{"line":211,"column":5}},"loc":{"start":{"line":211,"column":42},"end":{"line":221,"column":5}},"line":211}},"branchMap":{"0":{"loc":{"start":{"line":42,"column":31},"end":{"line":42,"column":76}},"type":"cond-expr","locations":[{"start":{"line":42,"column":52},"end":{"line":42,"column":68}},{"start":{"line":42,"column":71},"end":{"line":42,"column":76}}],"line":42},"1":{"loc":{"start":{"line":47,"column":12},"end":{"line":54,"column":13}},"type":"if","locations":[{"start":{"line":47,"column":12},"end":{"line":54,"column":13}},{"start":{"line":47,"column":12},"end":{"line":54,"column":13}}],"line":47},"2":{"loc":{"start":{"line":49,"column":19},"end":{"line":54,"column":13}},"type":"if","locations":[{"start":{"line":49,"column":19},"end":{"line":54,"column":13}},{"start":{"line":49,"column":19},"end":{"line":54,"column":13}}],"line":49},"3":{"loc":{"start":{"line":79,"column":20},"end":{"line":83,"column":21}},"type":"if","locations":[{"start":{"line":79,"column":20},"end":{"line":83,"column":21}},{"start":{"line":79,"column":20},"end":{"line":83,"column":21}}],"line":79},"4":{"loc":{"start":{"line":97,"column":12},"end":{"line":116,"column":13}},"type":"if","locations":[{"start":{"line":97,"column":12},"end":{"line":116,"column":13}},{"start":{"line":97,"column":12},"end":{"line":116,"column":13}}],"line":97},"5":{"loc":{"start":{"line":98,"column":16},"end":{"line":113,"column":17}},"type":"if","locations":[{"start":{"line":98,"column":16},"end":{"line":113,"column":17}},{"start":{"line":98,"column":16},"end":{"line":113,"column":17}}],"line":98},"6":{"loc":{"start":{"line":105,"column":28},"end":{"line":109,"column":29}},"type":"if","locations":[{"start":{"line":105,"column":28},"end":{"line":109,"column":29}},{"start":{"line":105,"column":28},"end":{"line":109,"column":29}}],"line":105},"7":{"loc":{"start":{"line":131,"column":20},"end":{"line":134,"column":21}},"type":"if","locations":[{"start":{"line":131,"column":20},"end":{"line":134,"column":21}},{"start":{"line":131,"column":20},"end":{"line":134,"column":21}}],"line":131},"8":{"loc":{"start":{"line":131,"column":24},"end":{"line":131,"column":57}},"type":"binary-expr","locations":[{"start":{"line":131,"column":24},"end":{"line":131,"column":38}},{"start":{"line":131,"column":42},"end":{"line":131,"column":57}}],"line":131},"9":{"loc":{"start":{"line":149,"column":12},"end":{"line":161,"column":13}},"type":"if","locations":[{"start":{"line":149,"column":12},"end":{"line":161,"column":13}},{"start":{"line":149,"column":12},"end":{"line":161,"column":13}}],"line":149},"10":{"loc":{"start":{"line":150,"column":16},"end":{"line":158,"column":17}},"type":"if","locations":[{"start":{"line":150,"column":16},"end":{"line":158,"column":17}},{"start":{"line":150,"column":16},"end":{"line":158,"column":17}}],"line":150}},"s":{"0":51,"1":51,"2":51,"3":51,"4":20,"5":20,"6":20,"7":17,"8":3,"9":1,"10":2,"11":1,"12":1,"13":5,"14":5,"15":5,"16":5,"17":3,"18":3,"19":2,"20":1,"21":1,"22":7,"23":7,"24":6,"25":5,"26":5,"27":2,"28":3,"29":2,"30":1,"31":1,"32":1,"33":12,"34":12,"35":6,"36":5,"37":5,"38":6,"39":6,"40":4,"41":4,"42":3,"43":2,"44":1,"45":1,"46":1,"47":1,"48":54,"49":59,"50":59,"51":59,"52":59,"53":59,"54":59,"55":59,"56":10,"57":10,"58":9,"59":9,"60":9,"61":9,"62":1},"f":{"0":51,"1":20,"2":5,"3":5,"4":3,"5":2,"6":7,"7":7,"8":2,"9":3,"10":12,"11":12,"12":6,"13":6,"14":4,"15":4,"16":1,"17":1,"18":54,"19":59,"20":59,"21":10},"b":{"0":[5,15],"1":[1,2],"2":[1,1],"3":[1,1],"4":[6,1],"5":[5,1],"6":[2,1],"7":[5,1],"8":[6,5],"9":[3,1],"10":[2,1]},"_coverageSchema":"1a1c01bbd47fc00a2c39e90264f33305004495a9","hash":"32583b2b305e3ee00941a2b7e94d7c06debc0079"}
,"C:\\Users\\nico.swan\\Documents\\personal\\Dev\\my-idea-pool\\src\\services\\users\\user_service.js": {"path":"C:\\Users\\nico.swan\\Documents\\personal\\Dev\\my-idea-pool\\src\\services\\users\\user_service.js","statementMap":{"0":{"start":{"line":9,"column":21},"end":{"line":9,"column":46}},"1":{"start":{"line":23,"column":8},"end":{"line":23,"column":35}},"2":{"start":{"line":34,"column":8},"end":{"line":38,"column":10}},"3":{"start":{"line":48,"column":8},"end":{"line":60,"column":11}},"4":{"start":{"line":49,"column":12},"end":{"line":59,"column":83}},"5":{"start":{"line":51,"column":20},"end":{"line":57,"column":21}},"6":{"start":{"line":52,"column":24},"end":{"line":52,"column":51}},"7":{"start":{"line":53,"column":27},"end":{"line":57,"column":21}},"8":{"start":{"line":54,"column":24},"end":{"line":54,"column":38}},"9":{"start":{"line":56,"column":24},"end":{"line":56,"column":51}},"10":{"start":{"line":59,"column":32},"end":{"line":59,"column":82}},"11":{"start":{"line":71,"column":8},"end":{"line":94,"column":11}},"12":{"start":{"line":73,"column":12},"end":{"line":93,"column":19}},"13":{"start":{"line":75,"column":20},"end":{"line":75,"column":34}},"14":{"start":{"line":76,"column":20},"end":{"line":76,"column":73}},"15":{"start":{"line":79,"column":20},"end":{"line":83,"column":21}},"16":{"start":{"line":80,"column":24},"end":{"line":80,"column":37}},"17":{"start":{"line":82,"column":24},"end":{"line":82,"column":53}},"18":{"start":{"line":86,"column":20},"end":{"line":91,"column":21}},"19":{"start":{"line":87,"column":44},"end":{"line":87,"column":62}},"20":{"start":{"line":88,"column":24},"end":{"line":88,"column":51}},"21":{"start":{"line":89,"column":24},"end":{"line":89,"column":62}},"22":{"start":{"line":90,"column":24},"end":{"line":90,"column":46}},"23":{"start":{"line":92,"column":20},"end":{"line":92,"column":71}},"24":{"start":{"line":106,"column":8},"end":{"line":129,"column":11}},"25":{"start":{"line":108,"column":28},"end":{"line":112,"column":14}},"26":{"start":{"line":113,"column":27},"end":{"line":113,"column":65}},"27":{"start":{"line":114,"column":12},"end":{"line":114,"column":47}},"28":{"start":{"line":115,"column":12},"end":{"line":115,"column":58}},"29":{"start":{"line":116,"column":23},"end":{"line":116,"column":41}},"30":{"start":{"line":117,"column":12},"end":{"line":117,"column":27}},"31":{"start":{"line":120,"column":12},"end":{"line":128,"column":85}},"32":{"start":{"line":122,"column":35},"end":{"line":125,"column":21}},"33":{"start":{"line":126,"column":20},"end":{"line":126,"column":36}},"34":{"start":{"line":128,"column":34},"end":{"line":128,"column":84}},"35":{"start":{"line":140,"column":8},"end":{"line":152,"column":11}},"36":{"start":{"line":141,"column":12},"end":{"line":151,"column":84}},"37":{"start":{"line":143,"column":20},"end":{"line":145,"column":21}},"38":{"start":{"line":144,"column":24},"end":{"line":144,"column":58}},"39":{"start":{"line":146,"column":20},"end":{"line":148,"column":21}},"40":{"start":{"line":147,"column":24},"end":{"line":147,"column":60}},"41":{"start":{"line":149,"column":20},"end":{"line":149,"column":34}},"42":{"start":{"line":151,"column":32},"end":{"line":151,"column":82}},"43":{"start":{"line":161,"column":8},"end":{"line":161,"column":43}},"44":{"start":{"line":171,"column":8},"end":{"line":171,"column":39}},"45":{"start":{"line":181,"column":8},"end":{"line":181,"column":46}}},"fnMap":{"0":{"name":"(anonymous_0)","decl":{"start":{"line":22,"column":4},"end":{"line":22,"column":5}},"loc":{"start":{"line":22,"column":20},"end":{"line":24,"column":5}},"line":22},"1":{"name":"(anonymous_1)","decl":{"start":{"line":33,"column":4},"end":{"line":33,"column":5}},"loc":{"start":{"line":33,"column":21},"end":{"line":39,"column":5}},"line":33},"2":{"name":"(anonymous_2)","decl":{"start":{"line":47,"column":4},"end":{"line":47,"column":5}},"loc":{"start":{"line":47,"column":43},"end":{"line":61,"column":5}},"line":47},"3":{"name":"(anonymous_3)","decl":{"start":{"line":48,"column":27},"end":{"line":48,"column":28}},"loc":{"start":{"line":48,"column":48},"end":{"line":60,"column":9}},"line":48},"4":{"name":"(anonymous_4)","decl":{"start":{"line":50,"column":22},"end":{"line":50,"column":23}},"loc":{"start":{"line":50,"column":32},"end":{"line":58,"column":17}},"line":50},"5":{"name":"(anonymous_5)","decl":{"start":{"line":59,"column":23},"end":{"line":59,"column":24}},"loc":{"start":{"line":59,"column":32},"end":{"line":59,"column":82}},"line":59},"6":{"name":"(anonymous_6)","decl":{"start":{"line":70,"column":4},"end":{"line":70,"column":5}},"loc":{"start":{"line":70,"column":45},"end":{"line":95,"column":5}},"line":70},"7":{"name":"(anonymous_7)","decl":{"start":{"line":71,"column":27},"end":{"line":71,"column":28}},"loc":{"start":{"line":71,"column":48},"end":{"line":94,"column":9}},"line":71},"8":{"name":"(anonymous_8)","decl":{"start":{"line":74,"column":22},"end":{"line":74,"column":23}},"loc":{"start":{"line":74,"column":32},"end":{"line":77,"column":17}},"line":74},"9":{"name":"(anonymous_9)","decl":{"start":{"line":78,"column":22},"end":{"line":78,"column":23}},"loc":{"start":{"line":78,"column":32},"end":{"line":84,"column":17}},"line":78},"10":{"name":"(anonymous_10)","decl":{"start":{"line":85,"column":23},"end":{"line":85,"column":24}},"loc":{"start":{"line":85,"column":34},"end":{"line":93,"column":17}},"line":85},"11":{"name":"(anonymous_11)","decl":{"start":{"line":105,"column":4},"end":{"line":105,"column":5}},"loc":{"start":{"line":105,"column":34},"end":{"line":130,"column":5}},"line":105},"12":{"name":"(anonymous_12)","decl":{"start":{"line":106,"column":27},"end":{"line":106,"column":28}},"loc":{"start":{"line":106,"column":54},"end":{"line":129,"column":9}},"line":106},"13":{"name":"(anonymous_13)","decl":{"start":{"line":121,"column":22},"end":{"line":121,"column":23}},"loc":{"start":{"line":121,"column":34},"end":{"line":127,"column":17}},"line":121},"14":{"name":"(anonymous_14)","decl":{"start":{"line":128,"column":23},"end":{"line":128,"column":24}},"loc":{"start":{"line":128,"column":34},"end":{"line":128,"column":84}},"line":128},"15":{"name":"(anonymous_15)","decl":{"start":{"line":139,"column":4},"end":{"line":139,"column":5}},"loc":{"start":{"line":139,"column":60},"end":{"line":153,"column":5}},"line":139},"16":{"name":"(anonymous_16)","decl":{"start":{"line":140,"column":27},"end":{"line":140,"column":28}},"loc":{"start":{"line":140,"column":48},"end":{"line":152,"column":9}},"line":140},"17":{"name":"(anonymous_17)","decl":{"start":{"line":142,"column":22},"end":{"line":142,"column":23}},"loc":{"start":{"line":142,"column":28},"end":{"line":150,"column":17}},"line":142},"18":{"name":"(anonymous_18)","decl":{"start":{"line":151,"column":23},"end":{"line":151,"column":24}},"loc":{"start":{"line":151,"column":32},"end":{"line":151,"column":82}},"line":151},"19":{"name":"(anonymous_19)","decl":{"start":{"line":160,"column":4},"end":{"line":160,"column":5}},"loc":{"start":{"line":160,"column":23},"end":{"line":162,"column":5}},"line":160},"20":{"name":"(anonymous_20)","decl":{"start":{"line":170,"column":4},"end":{"line":170,"column":5}},"loc":{"start":{"line":170,"column":30},"end":{"line":172,"column":5}},"line":170},"21":{"name":"(anonymous_21)","decl":{"start":{"line":180,"column":4},"end":{"line":180,"column":5}},"loc":{"start":{"line":180,"column":37},"end":{"line":182,"column":5}},"line":180}},"branchMap":{"0":{"loc":{"start":{"line":51,"column":20},"end":{"line":57,"column":21}},"type":"if","locations":[{"start":{"line":51,"column":20},"end":{"line":57,"column":21}},{"start":{"line":51,"column":20},"end":{"line":57,"column":21}}],"line":51},"1":{"loc":{"start":{"line":53,"column":27},"end":{"line":57,"column":21}},"type":"if","locations":[{"start":{"line":53,"column":27},"end":{"line":57,"column":21}},{"start":{"line":53,"column":27},"end":{"line":57,"column":21}}],"line":53},"2":{"loc":{"start":{"line":79,"column":20},"end":{"line":83,"column":21}},"type":"if","locations":[{"start":{"line":79,"column":20},"end":{"line":83,"column":21}},{"start":{"line":79,"column":20},"end":{"line":83,"column":21}}],"line":79},"3":{"loc":{"start":{"line":86,"column":20},"end":{"line":91,"column":21}},"type":"if","locations":[{"start":{"line":86,"column":20},"end":{"line":91,"column":21}},{"start":{"line":86,"column":20},"end":{"line":91,"column":21}}],"line":86},"4":{"loc":{"start":{"line":143,"column":20},"end":{"line":145,"column":21}},"type":"if","locations":[{"start":{"line":143,"column":20},"end":{"line":145,"column":21}},{"start":{"line":143,"column":20},"end":{"line":145,"column":21}}],"line":143},"5":{"loc":{"start":{"line":146,"column":20},"end":{"line":148,"column":21}},"type":"if","locations":[{"start":{"line":146,"column":20},"end":{"line":148,"column":21}},{"start":{"line":146,"column":20},"end":{"line":148,"column":21}}],"line":146}},"s":{"0":2,"1":1,"2":1,"3":4,"4":4,"5":3,"6":1,"7":2,"8":1,"9":1,"10":1,"11":3,"12":3,"13":2,"14":2,"15":2,"16":1,"17":1,"18":1,"19":1,"20":1,"21":1,"22":1,"23":1,"24":2,"25":2,"26":2,"27":2,"28":2,"29":2,"30":2,"31":2,"32":1,"33":1,"34":1,"35":3,"36":3,"37":2,"38":1,"39":2,"40":1,"41":2,"42":1,"43":1,"44":3,"45":2},"f":{"0":1,"1":1,"2":4,"3":4,"4":3,"5":1,"6":3,"7":3,"8":2,"9":2,"10":1,"11":2,"12":2,"13":1,"14":1,"15":3,"16":3,"17":2,"18":1,"19":1,"20":3,"21":2},"b":{"0":[1,2],"1":[1,1],"2":[1,1],"3":[1,0],"4":[1,1],"5":[1,1]},"_coverageSchema":"1a1c01bbd47fc00a2c39e90264f33305004495a9","hash":"03386cdfc3330062463bce467596177754f7df64"}
,"C:\\Users\\nico.swan\\Documents\\personal\\Dev\\my-idea-pool\\src\\services\\validators\\requests.js": {"path":"C:\\Users\\nico.swan\\Documents\\personal\\Dev\\my-idea-pool\\src\\services\\validators\\requests.js","statementMap":{"0":{"start":{"line":11,"column":25},"end":{"line":20,"column":1}},"1":{"start":{"line":12,"column":4},"end":{"line":19,"column":7}},"2":{"start":{"line":13,"column":8},"end":{"line":17,"column":11}},"3":{"start":{"line":14,"column":12},"end":{"line":16,"column":13}},"4":{"start":{"line":15,"column":16},"end":{"line":15,"column":63}},"5":{"start":{"line":18,"column":8},"end":{"line":18,"column":18}}},"fnMap":{"0":{"name":"(anonymous_0)","decl":{"start":{"line":11,"column":25},"end":{"line":11,"column":26}},"loc":{"start":{"line":11,"column":57},"end":{"line":20,"column":1}},"line":11},"1":{"name":"(anonymous_1)","decl":{"start":{"line":12,"column":23},"end":{"line":12,"column":24}},"loc":{"start":{"line":12,"column":44},"end":{"line":19,"column":5}},"line":12},"2":{"name":"(anonymous_2)","decl":{"start":{"line":13,"column":34},"end":{"line":13,"column":35}},"loc":{"start":{"line":13,"column":46},"end":{"line":17,"column":9}},"line":13}},"branchMap":{"0":{"loc":{"start":{"line":14,"column":12},"end":{"line":16,"column":13}},"type":"if","locations":[{"start":{"line":14,"column":12},"end":{"line":16,"column":13}},{"start":{"line":14,"column":12},"end":{"line":16,"column":13}}],"line":14}},"s":{"0":10,"1":17,"2":17,"3":39,"4":11,"5":17},"f":{"0":17,"1":17,"2":39},"b":{"0":[11,28]},"_coverageSchema":"1a1c01bbd47fc00a2c39e90264f33305004495a9","hash":"21abdcdd50417b55ee7ec50f36ae7555e845ba85"}
}
