TN:
SF:app.js
FN:72,(anonymous_0)
FN:102,errorHandler
FNF:2
FNH:2
FNDA:28,(anonymous_0)
FNDA:15,errorHandler
DA:26,10
DA:27,10
DA:28,10
DA:29,10
DA:30,10
DA:31,10
DA:32,10
DA:33,10
DA:34,10
DA:37,10
DA:38,10
DA:44,10
DA:69,10
DA:72,10
DA:74,28
DA:75,25
DA:77,3
DA:79,28
DA:80,9
DA:82,19
DA:84,28
DA:86,28
DA:93,10
DA:94,10
DA:95,10
DA:96,10
DA:97,10
DA:103,15
DA:104,1
DA:106,14
DA:107,1
DA:109,14
DA:111,10
LF:33
LH:33
BRDA:74,0,0,25
BRDA:74,0,1,3
BRDA:79,1,0,9
BRDA:79,1,1,19
BRDA:103,2,0,1
BRDA:103,2,1,14
BRDA:106,3,0,1
BRDA:106,3,1,13
BRF:8
BRH:8
end_of_record
TN:
SF:config\database.js
FNF:0
FNH:0
DA:1,4
LF:1
LH:1
BRDA:2,0,0,4
BRDA:2,0,1,4
BRDA:3,1,0,4
BRDA:3,1,1,4
BRDA:4,2,0,4
BRDA:4,2,1,4
BRDA:5,3,0,4
BRDA:5,3,1,4
BRF:8
BRH:8
end_of_record
TN:
SF:config\token.js
FNF:0
FNH:0
DA:1,11
LF:1
LH:1
BRDA:2,0,0,11
BRDA:2,0,1,11
BRDA:3,1,0,11
BRDA:3,1,1,11
BRDA:4,2,0,11
BRDA:4,2,1,11
BRF:6
BRH:6
end_of_record
TN:
SF:src\middleware\auth.js
FN:8,(anonymous_0)
FN:16,(anonymous_1)
FNF:2
FNH:2
FNDA:17,(anonymous_0)
FNDA:1,(anonymous_1)
DA:8,10
DA:9,17
DA:11,17
DA:12,16
DA:13,16
DA:14,16
DA:15,16
DA:16,1
DA:18,15
DA:19,15
DA:20,15
DA:23,2
DA:24,1
DA:26,2
LF:14
LH:14
BRDA:23,0,0,1
BRDA:23,0,1,1
BRF:2
BRH:2
end_of_record
TN:
SF:src\models\idea.js
FN:30,(anonymous_0)
FN:62,(anonymous_1)
FN:69,(anonymous_2)
FN:77,(anonymous_3)
FN:85,(anonymous_4)
FN:93,(anonymous_5)
FN:101,(anonymous_6)
FN:109,(anonymous_7)
FN:116,(anonymous_8)
FN:127,(anonymous_9)
FN:134,(anonymous_10)
FN:141,(anonymous_11)
FN:148,(anonymous_12)
FN:155,(anonymous_13)
FN:164,(anonymous_14)
FN:183,(anonymous_15)
FN:192,(anonymous_16)
FN:206,(anonymous_17)
FN:220,(anonymous_18)
FNF:19
FNH:19
FNDA:64,(anonymous_0)
FNDA:28,(anonymous_1)
FNDA:29,(anonymous_2)
FNDA:21,(anonymous_3)
FNDA:21,(anonymous_4)
FNDA:21,(anonymous_5)
FNDA:7,(anonymous_6)
FNDA:10,(anonymous_7)
FNDA:31,(anonymous_8)
FNDA:29,(anonymous_9)
FNDA:18,(anonymous_10)
FNDA:18,(anonymous_11)
FNDA:18,(anonymous_12)
FNDA:3,(anonymous_13)
FNDA:53,(anonymous_14)
FNDA:122,(anonymous_15)
FNDA:88,(anonymous_16)
FNDA:227,(anonymous_17)
FNDA:35,(anonymous_18)
DA:12,13
DA:31,64
DA:33,64
DA:34,64
DA:35,28
DA:38,64
DA:42,64
DA:46,62
DA:50,62
DA:54,62
DA:56,62
DA:63,28
DA:70,29
DA:78,21
DA:86,21
DA:94,21
DA:102,7
DA:110,10
DA:117,31
DA:118,26
DA:120,5
DA:128,29
DA:135,18
DA:142,18
DA:149,18
DA:156,3
DA:165,53
DA:184,122
DA:193,88
DA:194,1
DA:195,87
DA:196,1
DA:198,86
DA:207,227
DA:208,3
DA:209,224
DA:210,5
DA:212,219
DA:221,35
DA:222,1
DA:223,34
DA:224,1
DA:226,33
LF:43
LH:43
BRDA:31,0,0,64
BRDA:31,0,1,5
BRDA:33,1,0,64
BRDA:33,1,1,30
BRDA:33,1,2,24
BRDA:34,2,0,28
BRDA:34,2,1,36
BRDA:38,3,0,59
BRDA:38,3,1,5
BRDA:42,4,0,59
BRDA:42,4,1,5
BRDA:42,5,0,64
BRDA:42,5,1,5
BRDA:46,6,0,57
BRDA:46,6,1,5
BRDA:46,7,0,62
BRDA:46,7,1,5
BRDA:50,8,0,57
BRDA:50,8,1,5
BRDA:50,9,0,62
BRDA:50,9,1,5
BRDA:56,10,0,32
BRDA:56,10,1,30
BRDA:117,11,0,26
BRDA:117,11,1,5
BRDA:184,12,0,122
BRDA:184,12,1,6
BRDA:184,13,0,122
BRDA:184,13,1,6
BRDA:184,14,0,122
BRDA:184,14,1,6
BRDA:193,15,0,1
BRDA:193,15,1,87
BRDA:195,16,0,1
BRDA:195,16,1,86
BRDA:207,17,0,3
BRDA:207,17,1,224
BRDA:209,18,0,5
BRDA:209,18,1,219
BRDA:209,19,0,224
BRDA:209,19,1,220
BRDA:221,20,0,1
BRDA:221,20,1,34
BRDA:223,21,0,1
BRDA:223,21,1,33
BRF:45
BRH:45
end_of_record
TN:
SF:src\models\user.js
FN:48,(anonymous_0)
FN:86,(anonymous_1)
FN:93,(anonymous_2)
FN:101,(anonymous_3)
FN:110,(anonymous_4)
FN:119,(anonymous_5)
FN:128,(anonymous_6)
FN:137,(anonymous_7)
FN:145,(anonymous_8)
FN:158,(anonymous_9)
FN:167,(anonymous_10)
FN:176,(anonymous_11)
FN:187,(anonymous_12)
FN:205,(anonymous_13)
FN:214,(anonymous_14)
FN:222,(anonymous_15)
FN:246,(anonymous_16)
FN:262,(anonymous_17)
FN:280,(anonymous_18)
FNF:19
FNH:19
FNDA:69,(anonymous_0)
FNDA:80,(anonymous_1)
FNDA:70,(anonymous_2)
FNDA:58,(anonymous_3)
FNDA:6,(anonymous_4)
FNDA:8,(anonymous_5)
FNDA:26,(anonymous_6)
FNDA:14,(anonymous_7)
FNDA:2,(anonymous_8)
FNDA:4,(anonymous_9)
FNDA:6,(anonymous_10)
FNDA:3,(anonymous_11)
FNDA:7,(anonymous_12)
FNDA:40,(anonymous_13)
FNDA:37,(anonymous_14)
FNDA:6,(anonymous_15)
FNDA:70,(anonymous_16)
FNDA:70,(anonymous_17)
FNDA:56,(anonymous_18)
DA:17,16
DA:49,69
DA:51,69
DA:52,69
DA:53,10
DA:56,69
DA:58,69
DA:60,69
DA:62,69
DA:64,69
DA:65,61
DA:67,8
DA:71,69
DA:73,18
DA:77,17
DA:87,80
DA:94,70
DA:102,58
DA:111,6
DA:120,8
DA:129,26
DA:138,14
DA:146,2
DA:147,1
DA:149,1
DA:159,4
DA:168,6
DA:177,3
DA:178,2
DA:180,1
DA:188,7
DA:189,6
DA:190,4
DA:193,2
DA:196,1
DA:206,40
DA:215,37
DA:223,6
DA:247,70
DA:248,2
DA:249,68
DA:250,1
DA:252,67
DA:263,70
DA:264,2
DA:265,68
DA:266,1
DA:267,67
DA:268,1
DA:270,66
DA:281,56
DA:282,2
DA:283,54
DA:284,2
DA:286,52
LF:55
LH:55
BRDA:49,0,0,69
BRDA:49,0,1,3
BRDA:51,1,0,69
BRDA:51,1,1,64
BRDA:51,1,2,30
BRDA:52,2,0,10
BRDA:52,2,1,59
BRDA:56,3,0,66
BRDA:56,3,1,3
BRDA:58,4,0,69
BRDA:58,4,1,5
BRDA:60,5,0,64
BRDA:60,5,1,5
BRDA:64,6,0,61
BRDA:64,6,1,8
BRDA:67,7,0,5
BRDA:67,7,1,3
BRDA:71,8,0,18
BRDA:71,8,1,51
BRDA:73,9,0,16
BRDA:73,9,1,2
BRDA:77,10,0,17
BRDA:77,10,1,2
BRDA:146,11,0,1
BRDA:146,11,1,1
BRDA:177,12,0,2
BRDA:177,12,1,1
BRDA:188,13,0,6
BRDA:188,13,1,1
BRDA:189,14,0,4
BRDA:189,14,1,2
BRDA:247,15,0,2
BRDA:247,15,1,68
BRDA:249,16,0,1
BRDA:249,16,1,67
BRDA:263,17,0,2
BRDA:263,17,1,68
BRDA:265,18,0,1
BRDA:265,18,1,67
BRDA:267,19,0,1
BRDA:267,19,1,66
BRDA:281,20,0,2
BRDA:281,20,1,54
BRDA:281,21,0,56
BRDA:281,21,1,2
BRDA:283,22,0,2
BRDA:283,22,1,52
BRF:47
BRH:47
end_of_record
TN:
SF:src\persistence\mongodb\database.js
FN:6,(anonymous_0)
FN:20,(anonymous_1)
FN:30,(anonymous_2)
FN:39,(anonymous_3)
FN:40,(anonymous_4)
FN:44,(anonymous_5)
FN:58,(anonymous_6)
FN:66,(anonymous_7)
FNF:8
FNH:8
FNDA:4,(anonymous_0)
FNDA:1,(anonymous_1)
FNDA:60,(anonymous_2)
FNDA:47,(anonymous_3)
FNDA:47,(anonymous_4)
FNDA:18,(anonymous_5)
FNDA:47,(anonymous_6)
FNDA:17,(anonymous_7)
DA:7,4
DA:8,4
DA:9,4
DA:10,4
DA:11,4
DA:12,4
DA:13,4
DA:21,1
DA:22,1
DA:31,60
DA:40,47
DA:41,47
DA:42,29
DA:44,18
DA:45,18
DA:46,1
DA:48,17
DA:49,17
DA:50,17
DA:51,17
DA:59,47
DA:67,17
LF:22
LH:22
BRDA:41,0,0,29
BRDA:41,0,1,18
BRDA:45,1,0,1
BRDA:45,1,1,17
BRDA:59,2,0,47
BRDA:59,2,1,44
BRDA:59,2,2,44
BRF:7
BRH:7
end_of_record
TN:
SF:src\persistence\mongodb\ideas.js
FN:8,(anonymous_0)
FN:17,(anonymous_1)
FN:24,(anonymous_2)
FN:32,(anonymous_3)
FN:39,(anonymous_4)
FN:46,(anonymous_5)
FN:55,(anonymous_6)
FN:56,(anonymous_7)
FN:60,(anonymous_8)
FN:62,(anonymous_9)
FN:63,(anonymous_10)
FN:73,(anonymous_11)
FN:74,(anonymous_12)
FN:79,(anonymous_13)
FN:83,(anonymous_14)
FN:97,(anonymous_15)
FN:98,(anonymous_16)
FN:108,(anonymous_17)
FN:124,(anonymous_18)
FN:125,(anonymous_19)
FN:127,(anonymous_20)
FN:129,(anonymous_21)
FN:135,(anonymous_22)
FN:146,(anonymous_23)
FN:147,(anonymous_24)
FN:149,(anonymous_25)
FN:150,(anonymous_26)
FN:156,(anonymous_27)
FN:158,(anonymous_28)
FN:163,(anonymous_29)
FN:175,(anonymous_30)
FN:176,(anonymous_31)
FN:218,(anonymous_32)
FN:219,(anonymous_33)
FN:221,(anonymous_34)
FN:223,(anonymous_35)
FN:229,(anonymous_36)
FNF:37
FNH:32
FNDA:1,(anonymous_0)
FNDA:23,(anonymous_1)
FNDA:1,(anonymous_2)
FNDA:33,(anonymous_3)
FNDA:1,(anonymous_4)
FNDA:1,(anonymous_5)
FNDA:7,(anonymous_6)
FNDA:7,(anonymous_7)
FNDA:7,(anonymous_8)
FNDA:7,(anonymous_9)
FNDA:0,(anonymous_10)
FNDA:2,(anonymous_11)
FNDA:2,(anonymous_12)
FNDA:2,(anonymous_13)
FNDA:2,(anonymous_14)
FNDA:2,(anonymous_15)
FNDA:0,(anonymous_16)
FNDA:2,(anonymous_17)
FNDA:2,(anonymous_18)
FNDA:2,(anonymous_19)
FNDA:2,(anonymous_20)
FNDA:2,(anonymous_21)
FNDA:0,(anonymous_22)
FNDA:4,(anonymous_23)
FNDA:4,(anonymous_24)
FNDA:4,(anonymous_25)
FNDA:4,(anonymous_26)
FNDA:4,(anonymous_27)
FNDA:17,(anonymous_28)
FNDA:0,(anonymous_29)
FNDA:4,(anonymous_30)
FNDA:4,(anonymous_31)
FNDA:2,(anonymous_32)
FNDA:2,(anonymous_33)
FNDA:2,(anonymous_34)
FNDA:2,(anonymous_35)
FNDA:0,(anonymous_36)
DA:5,7
DA:9,1
DA:10,1
DA:11,1
DA:18,23
DA:25,1
DA:33,33
DA:40,1
DA:47,1
DA:56,7
DA:57,7
DA:58,7
DA:59,7
DA:60,7
DA:62,7
DA:63,0
DA:74,2
DA:75,2
DA:77,2
DA:78,2
DA:79,2
DA:86,2
DA:87,0
DA:88,2
DA:90,2
DA:91,0
DA:92,0
DA:94,2
DA:97,2
DA:98,0
DA:110,2
DA:111,1
DA:113,1
DA:115,2
DA:125,2
DA:126,2
DA:127,2
DA:130,2
DA:131,0
DA:133,2
DA:135,0
DA:147,4
DA:148,4
DA:149,4
DA:151,4
DA:157,4
DA:158,4
DA:159,17
DA:161,4
DA:163,0
DA:176,4
DA:177,4
DA:179,4
DA:180,4
DA:181,4
DA:182,1
DA:183,3
DA:185,2
DA:186,2
DA:187,2
DA:188,2
DA:189,2
DA:190,1
DA:193,2
DA:194,2
DA:200,2
DA:202,0
DA:205,4
DA:207,0
DA:219,2
DA:220,2
DA:221,2
DA:224,2
DA:225,0
DA:227,2
DA:229,0
LF:76
LH:64
BRDA:86,0,0,0
BRDA:86,0,1,2
BRDA:88,1,0,2
BRDA:88,1,1,0
BRDA:88,2,0,2
BRDA:88,2,1,2
BRDA:88,2,2,2
BRDA:88,2,3,1
BRDA:88,2,4,1
BRDA:88,2,5,1
BRDA:91,3,0,0
BRDA:91,3,1,0
BRDA:110,4,0,1
BRDA:110,4,1,1
BRDA:130,5,0,0
BRDA:130,5,1,2
BRDA:181,6,0,1
BRDA:181,6,1,3
BRDA:181,7,0,4
BRDA:181,7,1,1
BRDA:183,8,0,2
BRDA:183,8,1,1
BRDA:186,9,0,2
BRDA:186,9,1,0
BRDA:189,10,0,1
BRDA:189,10,1,1
BRDA:193,11,0,2
BRDA:193,11,1,0
BRDA:224,12,0,0
BRDA:224,12,1,2
BRF:30
BRH:22
end_of_record
TN:
SF:src\persistence\mongodb\users.js
FN:11,(anonymous_0)
FN:21,(anonymous_1)
FN:22,(anonymous_2)
FN:24,(anonymous_3)
FN:26,(anonymous_4)
FN:34,(anonymous_5)
FN:35,(anonymous_6)
FN:44,(anonymous_7)
FN:53,(anonymous_8)
FN:54,(anonymous_9)
FN:56,(anonymous_10)
FN:58,(anonymous_11)
FN:64,(anonymous_12)
FN:75,(anonymous_13)
FN:76,(anonymous_14)
FN:78,(anonymous_15)
FN:87,(anonymous_16)
FN:93,(anonymous_17)
FN:104,(anonymous_18)
FN:105,(anonymous_19)
FN:107,(anonymous_20)
FN:109,(anonymous_21)
FN:116,(anonymous_22)
FN:123,(anonymous_23)
FNF:24
FNH:21
FNDA:18,(anonymous_0)
FNDA:5,(anonymous_1)
FNDA:5,(anonymous_2)
FNDA:5,(anonymous_3)
FNDA:5,(anonymous_4)
FNDA:5,(anonymous_5)
FNDA:1,(anonymous_6)
FNDA:1,(anonymous_7)
FNDA:1,(anonymous_8)
FNDA:1,(anonymous_9)
FNDA:1,(anonymous_10)
FNDA:1,(anonymous_11)
FNDA:0,(anonymous_12)
FNDA:3,(anonymous_13)
FNDA:3,(anonymous_14)
FNDA:3,(anonymous_15)
FNDA:3,(anonymous_16)
FNDA:0,(anonymous_17)
FNDA:1,(anonymous_18)
FNDA:1,(anonymous_19)
FNDA:1,(anonymous_20)
FNDA:1,(anonymous_21)
FNDA:1,(anonymous_22)
FNDA:0,(anonymous_23)
DA:8,8
DA:12,18
DA:13,18
DA:22,5
DA:23,5
DA:24,5
DA:27,5
DA:28,1
DA:30,4
DA:34,5
DA:35,1
DA:45,1
DA:54,1
DA:55,1
DA:56,1
DA:59,1
DA:60,0
DA:62,1
DA:64,0
DA:76,3
DA:77,3
DA:78,3
DA:88,3
DA:89,0
DA:91,3
DA:93,0
DA:105,1
DA:106,1
DA:107,1
DA:110,1
DA:111,0
DA:114,1
DA:117,1
DA:118,1
DA:120,0
DA:123,0
LF:36
LH:29
BRDA:27,0,0,1
BRDA:27,0,1,4
BRDA:59,1,0,0
BRDA:59,1,1,1
BRDA:88,2,0,0
BRDA:88,2,1,3
BRDA:110,3,0,0
BRDA:110,3,1,1
BRDA:117,4,0,1
BRDA:117,4,1,0
BRF:10
BRH:6
end_of_record
TN:
SF:src\routes\access_tokens.js
FN:24,(anonymous_0)
FN:31,(anonymous_1)
FN:33,(anonymous_2)
FN:34,(anonymous_3)
FN:36,(anonymous_4)
FN:52,(anonymous_5)
FN:58,(anonymous_6)
FN:59,(anonymous_7)
FN:73,(anonymous_8)
FN:78,(anonymous_9)
FN:79,(anonymous_10)
FNF:11
FNH:11
FNDA:4,(anonymous_0)
FNDA:4,(anonymous_1)
FNDA:1,(anonymous_2)
FNDA:1,(anonymous_3)
FNDA:3,(anonymous_4)
FNDA:4,(anonymous_5)
FNDA:4,(anonymous_6)
FNDA:1,(anonymous_7)
FNDA:2,(anonymous_8)
FNDA:2,(anonymous_9)
FNDA:1,(anonymous_10)
DA:12,10
DA:24,10
DA:25,4
DA:26,4
DA:28,4
DA:29,4
DA:31,4
DA:33,1
DA:34,1
DA:36,3
DA:52,10
DA:53,4
DA:55,4
DA:56,4
DA:58,4
DA:59,1
DA:73,10
DA:74,2
DA:75,2
DA:76,2
DA:78,2
DA:79,1
LF:22
LH:22
BRF:0
BRH:0
end_of_record
TN:
SF:src\routes\ideas.js
FN:24,(anonymous_0)
FN:29,(anonymous_1)
FN:30,(anonymous_2)
FN:48,(anonymous_3)
FN:54,(anonymous_4)
FN:55,(anonymous_5)
FN:69,(anonymous_6)
FN:73,(anonymous_7)
FN:89,(anonymous_8)
FN:93,(anonymous_9)
FN:110,(anonymous_10)
FN:117,(anonymous_11)
FN:119,(anonymous_12)
FNF:13
FNH:13
FNDA:2,(anonymous_0)
FNDA:1,(anonymous_1)
FNDA:1,(anonymous_2)
FNDA:2,(anonymous_3)
FNDA:1,(anonymous_4)
FNDA:1,(anonymous_5)
FNDA:1,(anonymous_6)
FNDA:1,(anonymous_7)
FNDA:1,(anonymous_8)
FNDA:1,(anonymous_9)
FNDA:2,(anonymous_10)
FNDA:2,(anonymous_11)
FNDA:20,(anonymous_12)
DA:11,10
DA:24,10
DA:25,2
DA:26,2
DA:27,2
DA:29,1
DA:31,1
DA:48,10
DA:49,2
DA:51,2
DA:52,2
DA:54,1
DA:55,1
DA:69,10
DA:70,1
DA:72,1
DA:73,1
DA:89,10
DA:90,1
DA:92,1
DA:93,1
DA:110,10
DA:111,2
DA:113,2
DA:114,2
DA:115,2
DA:116,2
DA:118,2
DA:119,2
DA:120,20
DA:122,2
LF:31
LH:31
BRDA:114,0,0,1
BRDA:114,0,1,1
BRDA:115,1,0,0
BRDA:115,1,1,2
BRF:4
BRH:3
end_of_record
TN:
SF:src\routes\index.js
FN:4,(anonymous_0)
FNF:1
FNH:1
FNDA:2,(anonymous_0)
DA:2,10
DA:4,10
DA:5,2
DA:6,1
DA:8,1
LF:5
LH:5
BRDA:5,0,0,1
BRDA:5,0,1,1
BRF:2
BRH:2
end_of_record
TN:
SF:src\routes\me.js
FN:19,(anonymous_0)
FNF:1
FNH:1
FNDA:1,(anonymous_0)
DA:9,10
DA:19,10
DA:20,1
DA:21,1
DA:22,1
LF:5
LH:5
BRF:0
BRH:0
end_of_record
TN:
SF:src\routes\users.js
FN:23,(anonymous_0)
FN:24,(anonymous_1)
FN:29,(anonymous_2)
FN:30,(anonymous_3)
FN:31,(anonymous_4)
FNF:5
FNH:5
FNDA:3,(anonymous_0)
FNDA:3,(anonymous_1)
FNDA:2,(anonymous_2)
FNDA:1,(anonymous_3)
FNDA:2,(anonymous_4)
DA:10,10
DA:23,10
DA:24,3
DA:25,3
DA:27,3
DA:28,3
DA:29,2
DA:30,1
DA:31,2
LF:9
LH:9
BRF:0
BRH:0
end_of_record
TN:
SF:src\services\errors\database.js
FN:15,(anonymous_0)
FN:23,(anonymous_1)
FN:32,(anonymous_2)
FN:38,(anonymous_3)
FN:44,(anonymous_4)
FNF:5
FNH:4
FNDA:13,(anonymous_0)
FNDA:5,(anonymous_1)
FNDA:1,(anonymous_2)
FNDA:7,(anonymous_3)
FNDA:0,(anonymous_4)
DA:4,16
DA:5,16
DA:6,16
DA:7,16
DA:16,13
DA:17,13
DA:18,13
DA:24,5
DA:25,5
DA:26,5
DA:33,1
DA:39,7
DA:45,0
LF:13
LH:12
BRDA:25,0,0,5
BRDA:25,0,1,0
BRF:2
BRH:1
end_of_record
TN:
SF:src\services\errors\error.js
FN:12,(anonymous_0)
FN:27,(anonymous_1)
FNF:2
FNH:2
FNDA:118,(anonymous_0)
FNDA:14,(anonymous_1)
DA:4,18
DA:13,118
DA:14,118
DA:15,118
DA:16,118
DA:17,118
DA:18,118
DA:19,13
DA:20,13
DA:21,13
DA:22,13
DA:23,13
DA:24,13
DA:28,14
DA:35,14
DA:36,14
LF:16
LH:16
BRDA:18,0,0,13
BRDA:18,0,1,105
BRDA:35,1,0,6
BRDA:35,1,1,8
BRF:4
BRH:4
end_of_record
TN:
SF:src\services\errors\idea_model.js
FN:15,(anonymous_0)
FN:21,(anonymous_1)
FN:27,(anonymous_2)
FN:33,(anonymous_3)
FN:39,(anonymous_4)
FN:45,(anonymous_5)
FNF:6
FNH:6
FNDA:1,(anonymous_0)
FNDA:1,(anonymous_1)
FNDA:5,(anonymous_2)
FNDA:3,(anonymous_3)
FNDA:1,(anonymous_4)
FNDA:1,(anonymous_5)
DA:7,13
DA:8,13
DA:9,13
DA:10,13
DA:11,13
DA:12,13
DA:16,1
DA:22,1
DA:28,5
DA:34,3
DA:40,1
DA:46,1
LF:12
LH:12
BRF:0
BRH:0
end_of_record
TN:
SF:src\services\errors\idea_service.js
FN:18,(anonymous_0)
FN:26,(anonymous_1)
FN:32,(anonymous_2)
FN:38,(anonymous_3)
FN:44,(anonymous_4)
FN:50,(anonymous_5)
FN:56,(anonymous_6)
FN:62,(anonymous_7)
FN:68,(anonymous_8)
FNF:9
FNH:9
FNDA:22,(anonymous_0)
FNDA:1,(anonymous_1)
FNDA:3,(anonymous_2)
FNDA:1,(anonymous_3)
FNDA:2,(anonymous_4)
FNDA:2,(anonymous_5)
FNDA:3,(anonymous_6)
FNDA:5,(anonymous_7)
FNDA:3,(anonymous_8)
DA:7,7
DA:8,7
DA:9,7
DA:10,7
DA:19,22
DA:20,22
DA:21,22
DA:27,1
DA:33,3
DA:39,1
DA:45,2
DA:51,2
DA:57,3
DA:63,5
DA:69,3
LF:15
LH:15
BRF:0
BRH:0
end_of_record
TN:
SF:src\services\errors\model.js
FN:9,(anonymous_0)
FNF:1
FNH:1
FNDA:29,(anonymous_0)
DA:10,29
DA:11,29
DA:12,29
LF:3
LH:3
BRF:0
BRH:0
end_of_record
TN:
SF:src\services\errors\request.js
FN:17,(anonymous_0)
FN:25,(anonymous_1)
FN:33,(anonymous_2)
FN:41,(anonymous_3)
FN:47,(anonymous_4)
FN:55,(anonymous_5)
FN:64,(anonymous_6)
FN:73,(anonymous_7)
FNF:8
FNH:7
FNDA:16,(anonymous_0)
FNDA:6,(anonymous_1)
FNDA:2,(anonymous_2)
FNDA:11,(anonymous_3)
FNDA:11,(anonymous_4)
FNDA:2,(anonymous_5)
FNDA:1,(anonymous_6)
FNDA:0,(anonymous_7)
DA:7,10
DA:8,10
DA:9,10
DA:10,10
DA:18,16
DA:19,16
DA:20,16
DA:21,16
DA:22,13
DA:26,6
DA:27,6
DA:28,6
DA:34,2
DA:35,2
DA:36,2
DA:42,11
DA:48,11
DA:49,11
DA:56,2
DA:57,2
DA:58,2
DA:59,2
DA:65,1
DA:66,1
DA:67,1
DA:68,1
DA:74,0
DA:75,0
DA:76,0
LF:29
LH:26
BRDA:21,0,0,13
BRDA:21,0,1,3
BRDA:27,1,0,4
BRDA:27,1,1,2
BRF:4
BRH:4
end_of_record
TN:
SF:src\services\errors\token_manager.js
FN:21,(anonymous_0)
FN:30,(anonymous_1)
FN:38,(anonymous_2)
FN:46,(anonymous_3)
FN:54,(anonymous_4)
FN:61,(anonymous_5)
FN:70,(anonymous_6)
FN:78,(anonymous_7)
FNF:8
FNH:8
FNDA:27,(anonymous_0)
FNDA:1,(anonymous_1)
FNDA:1,(anonymous_2)
FNDA:3,(anonymous_3)
FNDA:4,(anonymous_4)
FNDA:3,(anonymous_5)
FNDA:2,(anonymous_6)
FNDA:6,(anonymous_7)
DA:7,12
DA:8,12
DA:9,12
DA:10,12
DA:11,12
DA:12,12
DA:13,12
DA:22,27
DA:23,27
DA:24,27
DA:31,1
DA:32,1
DA:33,1
DA:39,1
DA:40,1
DA:41,1
DA:47,3
DA:48,3
DA:49,3
DA:55,4
DA:56,4
DA:57,4
DA:62,3
DA:63,3
DA:64,3
DA:71,2
DA:72,2
DA:73,2
DA:79,6
DA:80,6
DA:81,6
LF:31
LH:31
BRF:0
BRH:0
end_of_record
TN:
SF:src\services\errors\user_model.js
FN:17,(anonymous_0)
FN:23,(anonymous_1)
FN:29,(anonymous_2)
FN:35,(anonymous_3)
FN:41,(anonymous_4)
FN:47,(anonymous_5)
FN:53,(anonymous_6)
FN:59,(anonymous_7)
FNF:8
FNH:8
FNDA:1,(anonymous_0)
FNDA:2,(anonymous_1)
FNDA:2,(anonymous_2)
FNDA:2,(anonymous_3)
FNDA:2,(anonymous_4)
FNDA:2,(anonymous_5)
FNDA:4,(anonymous_6)
FNDA:2,(anonymous_7)
DA:7,16
DA:8,16
DA:9,16
DA:10,16
DA:11,16
DA:12,16
DA:13,16
DA:14,16
DA:18,1
DA:24,2
DA:30,2
DA:36,2
DA:42,2
DA:48,2
DA:54,4
DA:60,2
LF:16
LH:16
BRF:0
BRH:0
end_of_record
TN:
SF:src\services\errors\user_service.js
FN:17,(anonymous_0)
FN:25,(anonymous_1)
FN:31,(anonymous_2)
FN:37,(anonymous_3)
FNF:4
FNH:4
FNDA:11,(anonymous_0)
FNDA:1,(anonymous_1)
FNDA:4,(anonymous_2)
FNDA:2,(anonymous_3)
DA:7,5
DA:8,5
DA:9,5
DA:18,11
DA:19,11
DA:20,11
DA:26,1
DA:32,4
DA:38,2
DA:39,2
LF:10
LH:10
BRF:0
BRH:0
end_of_record
TN:
SF:src\services\ideas\idea.js
FN:26,(anonymous_0)
FN:36,(anonymous_1)
FN:37,(anonymous_2)
FN:42,(anonymous_3)
FN:43,(anonymous_4)
FN:57,(anonymous_5)
FN:58,(anonymous_6)
FN:68,(anonymous_7)
FN:69,(anonymous_8)
FN:87,(anonymous_9)
FN:88,(anonymous_10)
FN:91,(anonymous_11)
FN:92,(anonymous_12)
FN:107,(anonymous_13)
FN:108,(anonymous_14)
FN:111,(anonymous_15)
FN:112,(anonymous_16)
FN:127,(anonymous_17)
FN:128,(anonymous_18)
FN:145,(anonymous_19)
FN:146,(anonymous_20)
FNF:21
FNH:21
FNDA:1,(anonymous_0)
FNDA:3,(anonymous_1)
FNDA:3,(anonymous_2)
FNDA:1,(anonymous_3)
FNDA:1,(anonymous_4)
FNDA:5,(anonymous_5)
FNDA:5,(anonymous_6)
FNDA:2,(anonymous_7)
FNDA:2,(anonymous_8)
FNDA:3,(anonymous_9)
FNDA:3,(anonymous_10)
FNDA:1,(anonymous_11)
FNDA:2,(anonymous_12)
FNDA:3,(anonymous_13)
FNDA:3,(anonymous_14)
FNDA:1,(anonymous_15)
FNDA:2,(anonymous_16)
FNDA:10,(anonymous_17)
FNDA:10,(anonymous_18)
FNDA:1,(anonymous_19)
FNDA:1,(anonymous_20)
DA:27,1
DA:37,3
DA:38,3
DA:39,3
DA:40,3
DA:41,2
DA:42,1
DA:43,1
DA:45,1
DA:58,5
DA:59,5
DA:60,5
DA:61,4
DA:63,1
DA:65,5
DA:66,5
DA:67,4
DA:68,2
DA:70,2
DA:71,1
DA:73,2
DA:76,1
DA:88,3
DA:89,3
DA:90,3
DA:91,1
DA:93,2
DA:94,1
DA:96,2
DA:108,3
DA:109,3
DA:110,3
DA:111,1
DA:113,2
DA:114,1
DA:116,2
DA:128,10
DA:129,10
DA:134,10
DA:135,3
DA:136,3
DA:139,7
DA:140,5
DA:141,5
DA:144,2
DA:145,1
DA:146,1
LF:47
LH:47
BRDA:60,0,0,4
BRDA:60,0,1,1
BRDA:70,1,0,1
BRDA:70,1,1,1
BRDA:93,2,0,1
BRDA:93,2,1,1
BRDA:113,3,0,1
BRDA:113,3,1,1
BRDA:134,4,0,3
BRDA:134,4,1,7
BRDA:135,5,0,3
BRDA:135,5,1,0
BRDA:135,6,0,3
BRDA:135,6,1,1
BRDA:139,7,0,5
BRDA:139,7,1,2
BRDA:139,8,0,7
BRDA:139,8,1,5
BRDA:140,9,0,5
BRDA:140,9,1,0
BRDA:140,10,0,5
BRDA:140,10,1,1
BRF:22
BRH:20
end_of_record
TN:
SF:src\services\token_manager\token_manager.js
FN:27,(anonymous_0)
FN:40,(anonymous_1)
FN:64,(anonymous_2)
FN:65,(anonymous_3)
FN:69,(anonymous_4)
FN:78,(anonymous_5)
FN:94,(anonymous_6)
FN:95,(anonymous_7)
FN:101,(anonymous_8)
FN:104,(anonymous_9)
FN:127,(anonymous_10)
FN:128,(anonymous_11)
FN:130,(anonymous_12)
FN:137,(anonymous_13)
FN:147,(anonymous_14)
FN:148,(anonymous_15)
FN:152,(anonymous_16)
FN:155,(anonymous_17)
FN:170,(anonymous_18)
FN:185,(anonymous_19)
FN:198,(anonymous_20)
FN:211,(anonymous_21)
FNF:22
FNH:22
FNDA:51,(anonymous_0)
FNDA:20,(anonymous_1)
FNDA:5,(anonymous_2)
FNDA:5,(anonymous_3)
FNDA:3,(anonymous_4)
FNDA:2,(anonymous_5)
FNDA:7,(anonymous_6)
FNDA:7,(anonymous_7)
FNDA:2,(anonymous_8)
FNDA:3,(anonymous_9)
FNDA:12,(anonymous_10)
FNDA:12,(anonymous_11)
FNDA:6,(anonymous_12)
FNDA:6,(anonymous_13)
FNDA:4,(anonymous_14)
FNDA:4,(anonymous_15)
FNDA:1,(anonymous_16)
FNDA:1,(anonymous_17)
FNDA:54,(anonymous_18)
FNDA:59,(anonymous_19)
FNDA:59,(anonymous_20)
FNDA:10,(anonymous_21)
DA:28,51
DA:29,51
DA:30,51
DA:31,51
DA:41,20
DA:42,20
DA:44,20
DA:45,17
DA:47,3
DA:48,1
DA:49,2
DA:50,1
DA:53,1
DA:65,5
DA:66,5
DA:67,5
DA:68,5
DA:70,3
DA:76,3
DA:79,2
DA:80,1
DA:82,1
DA:95,7
DA:97,7
DA:98,6
DA:99,5
DA:100,5
DA:102,2
DA:105,3
DA:106,2
DA:108,1
DA:112,1
DA:115,1
DA:128,12
DA:129,12
DA:131,6
DA:132,5
DA:133,5
DA:135,6
DA:137,6
DA:148,4
DA:149,4
DA:150,3
DA:151,2
DA:153,1
DA:155,1
DA:157,1
DA:160,1
DA:171,54
DA:186,59
DA:191,59
DA:199,59
DA:200,59
DA:201,59
DA:202,59
DA:203,59
DA:212,10
DA:213,10
DA:214,9
DA:215,9
DA:216,9
DA:217,9
DA:219,1
LF:63
LH:63
BRDA:42,0,0,5
BRDA:42,0,1,15
BRDA:47,1,0,1
BRDA:47,1,1,2
BRDA:49,2,0,1
BRDA:49,2,1,1
BRDA:79,3,0,1
BRDA:79,3,1,1
BRDA:97,4,0,6
BRDA:97,4,1,1
BRDA:98,5,0,5
BRDA:98,5,1,1
BRDA:105,6,0,2
BRDA:105,6,1,1
BRDA:131,7,0,5
BRDA:131,7,1,1
BRDA:131,8,0,6
BRDA:131,8,1,5
BRDA:149,9,0,3
BRDA:149,9,1,1
BRDA:150,10,0,2
BRDA:150,10,1,1
BRF:22
BRH:22
end_of_record
TN:
SF:src\services\users\user_service.js
FN:22,(anonymous_0)
FN:33,(anonymous_1)
FN:47,(anonymous_2)
FN:48,(anonymous_3)
FN:50,(anonymous_4)
FN:59,(anonymous_5)
FN:70,(anonymous_6)
FN:71,(anonymous_7)
FN:74,(anonymous_8)
FN:78,(anonymous_9)
FN:85,(anonymous_10)
FN:105,(anonymous_11)
FN:106,(anonymous_12)
FN:121,(anonymous_13)
FN:128,(anonymous_14)
FN:139,(anonymous_15)
FN:140,(anonymous_16)
FN:142,(anonymous_17)
FN:151,(anonymous_18)
FN:160,(anonymous_19)
FN:170,(anonymous_20)
FN:180,(anonymous_21)
FNF:22
FNH:22
FNDA:1,(anonymous_0)
FNDA:1,(anonymous_1)
FNDA:4,(anonymous_2)
FNDA:4,(anonymous_3)
FNDA:3,(anonymous_4)
FNDA:1,(anonymous_5)
FNDA:3,(anonymous_6)
FNDA:3,(anonymous_7)
FNDA:2,(anonymous_8)
FNDA:2,(anonymous_9)
FNDA:1,(anonymous_10)
FNDA:2,(anonymous_11)
FNDA:2,(anonymous_12)
FNDA:1,(anonymous_13)
FNDA:1,(anonymous_14)
FNDA:3,(anonymous_15)
FNDA:3,(anonymous_16)
FNDA:2,(anonymous_17)
FNDA:1,(anonymous_18)
FNDA:1,(anonymous_19)
FNDA:3,(anonymous_20)
FNDA:2,(anonymous_21)
DA:9,2
DA:23,1
DA:34,1
DA:48,4
DA:49,4
DA:51,3
DA:52,1
DA:53,2
DA:54,1
DA:56,1
DA:59,1
DA:71,3
DA:73,3
DA:75,2
DA:76,2
DA:79,2
DA:80,1
DA:82,1
DA:86,1
DA:87,1
DA:88,1
DA:89,1
DA:90,1
DA:92,1
DA:106,2
DA:108,2
DA:113,2
DA:114,2
DA:115,2
DA:116,2
DA:117,2
DA:120,2
DA:122,1
DA:126,1
DA:128,1
DA:140,3
DA:141,3
DA:143,2
DA:144,1
DA:146,2
DA:147,1
DA:149,2
DA:151,1
DA:161,1
DA:171,3
DA:181,2
LF:46
LH:46
BRDA:51,0,0,1
BRDA:51,0,1,2
BRDA:53,1,0,1
BRDA:53,1,1,1
BRDA:79,2,0,1
BRDA:79,2,1,1
BRDA:86,3,0,1
BRDA:86,3,1,0
BRDA:143,4,0,1
BRDA:143,4,1,1
BRDA:146,5,0,1
BRDA:146,5,1,1
BRF:12
BRH:11
end_of_record
TN:
SF:src\services\validators\requests.js
FN:11,(anonymous_0)
FN:12,(anonymous_1)
FN:13,(anonymous_2)
FNF:3
FNH:3
FNDA:17,(anonymous_0)
FNDA:17,(anonymous_1)
FNDA:39,(anonymous_2)
DA:11,10
DA:12,17
DA:13,17
DA:14,39
DA:15,11
DA:18,17
LF:6
LH:6
BRDA:14,0,0,11
BRDA:14,0,1,28
BRF:2
BRH:2
end_of_record
